Comparing files arq01.res and ARQ01.OUT
***** arq01.res
    1:  Silenciado em 7
***** ARQ01.OUT
    1:  Nao silenciado
*****

Comparing files arq02.res and ARQ02.OUT
FC: no differences encountered

Comparing files arq03.res and ARQ03.OUT
***** arq03.res
    1:  Silenciado em 9
***** ARQ03.OUT
    1:  Nao silenciado
*****

Comparing files arq04.res and ARQ04.OUT
FC: no differences encountered

Comparing files arq05.res and ARQ05.OUT
FC: no differences encountered

Comparing files arq06.res and ARQ06.OUT
***** arq06.res
    1:  Silenciado em 17
***** ARQ06.OUT
    1:  Nao silenciado
*****

Comparing files arq07.res and ARQ07.OUT
FC: no differences encountered

Comparing files arq08.res and ARQ08.OUT
***** arq08.res
    1:  Silenciado em 1
***** ARQ08.OUT
    1:  Nao silenciado
*****

Comparing files arq09.res and ARQ09.OUT
FC: no differences encountered

Comparing files arq10.res and ARQ10.OUT
***** arq10.res
    1:  Silenciado em 63
***** ARQ10.OUT
    1:  Nao silenciado
*****

