Comparing files arq01.res and ARQ01.OUT
FC: no differences encountered

Comparing files arq02.res and ARQ02.OUT
***** arq02.res
  606:   255 255 255 255 255 255 255 254 255 188 0 107 116 114 114 117 70 66 8 96 116 116 90 48 253 255 255 255 255 255 255 255 255 255
  607:  0 0 0 0 0 0 0 0 0 0 0 0 255 255 255 255 255 221 37 105 115 115 115 115 115 115 115 115 115 117 71 5 56 50 165 172 171 172 172 1
***** ARQ02.OUT
  606:   255 255 255 255 255 255 255 254 255 188 0 107 116 114 114 117 70 66 8 96 116 116 90 48 253 255 255 255 255 255 255 255 255 255
  607:  
  608:  0 0 0 0 0 0 0 0 0 0 0 0 255 255 255 255 255 221 37 105 115 115 115 115 115 115 115 115 115 117 71 5 56 50 165 172 171 172 172 1
*****

***** arq02.res
  670:   26 35 34 36 51 59 64 61 68 72 92 99 106 106 105 105 105 105 105 105 105 105 105 105 105 105 105 105 104 106 104 98 75 64 64 47
  671:  0 0 0 0 0 0 0 0 0 0 0 0 0 255 254 255 255 207 155 98 58 56 54 52 48 51 52 47 47 48 48 51 53 48 48 47 54 54 54 60 55 83 132 203 
***** ARQ02.OUT
  671:   26 35 34 36 51 59 64 61 68 72 92 99 106 106 105 105 105 105 105 105 105 105 105 105 105 105 105 105 104 106 104 98 75 64 64 47
  672:  
  673:  0 0 0 0 0 0 0 0 0 0 0 0 0 255 254 255 255 207 155 98 58 56 54 52 48 51 52 47 47 48 48 51 53 48 48 47 54 54 54 60 55 83 132 203 
*****

Comparing files arq03.res and ARQ03.OUT
FC: no differences encountered

Comparing files arq04.res and ARQ04.OUT
***** arq04.res
  397:   0 0 0 0 0 0 0 0 0 0 0 0 0 0 0 0 0 0 0 0 0 0 1 4 1 52 116 45 84 112 171 84 7 1 0 0 0 0 0 0 0 0 0 0 0 0 0 0 0 0 1 4 10 255 0 186
  398:  224 0 255 60 3 1 48 136 34 212 0 9 45 85 0 255 33 3 1 0 0 0 1 4 2 5 5 2 7 0 255 0 0 255 98 169 195 215 208 188 168 125 84 255 0
***** ARQ04.OUT
  397:   0 0 0 0 0 0 0 0 0 0 0 0 0 0 0 0 0 0 0 0 0 0 1 4 1 52 116 45 84 112 171 84 7 1 0 0 0 0 0 0 0 0 0 0 0 0 0 0 0 0 1 4 10 255 0 186
  398:  
  399:  224 0 255 60 3 1 48 136 34 212 0 9 45 85 0 255 33 3 1 0 0 0 1 4 2 5 5 2 7 0 255 0 0 255 98 169 195 215 208 188 168 125 84 255 0
*****

Comparing files arq05.res and ARQ05.OUT
FC: no differences encountered

Comparing files arq06.res and ARQ06.OUT
***** arq06.res
   57:  0 20 0 17 16 16 0 5 0 0 32 0 0 42 0 0 0 1 22 0 0 16 12 0 15 0 0 255 153 21 57 255 255 0 0 0 0 13 49 99 15 9 5 0 0 102 22 0 0 48
   58:  167 4 103 41 39 74 0 0 16 92 27 37 33 0 0 8 54 85 0 0 0 127 41 4 30 70 0 0 0 46 0 31 0 24 5 7 0 0 0 0 0 16 20 0 29 9 0 0 255 15
***** ARQ06.OUT
   57:  0 20 0 17 16 16 0 5 0 0 32 0 0 42 0 0 0 1 22 0 0 16 12 0 15 0 0 255 153 21 57 255 255 0 0 0 0 13 49 99 15 9 5 0 0 102 22 0 0 48
   58:  
   59:  167 4 103 41 39 74 0 0 16 92 27 37 33 0 0 8 54 85 0 0 0 127 41 4 30 70 0 0 0 46 0 31 0 24 5 7 0 0 0 0 0 16 20 0 29 9 0 0 255 15
*****

Comparing files arq07.res and ARQ07.OUT
***** arq07.res
    8:  0 0 0 0 0 0 0 0 0 0 0 0 0 0 0 0 0 0 0 0 0 0 0 0 0 0 0 0 0 0
    9:  162 163 165 163 162 164 158 161 161 161 0 0 0 0 0 0 0 0 0 0 0 0 0 0 0 0 0 0 0 0 0 0 0 0 0 0 0 0 0 0 0 0 0 0 0 0 0 0 0 0 0 0 0 0
   10:   0 0 0 0 0 0 0 0 0 0 0 0 0 0 0 0 0 0 0 0 0 0 0 0 0 0 0 0 0 0 0 0 0 0 0 0 0 0 0 0 0 0 0 0 0 0 0 0 0 0 0 0 0 0 0 0 0 0 0 0 0 0 0 
   11:  0 0 0 0 0 0 0 0 0 0 0 0 0 0 0 0 0 0 0 0 0 0 0 0 0 0 0 0 0 0 0 0 0
   12:  162 162 162 161 160 162 159 162 160 161 165 169 174 179 0 0 0 0 0 0 0 0 0 0 0 0 0 0 0 0 0 0 0 0 0 0 0 0 0 0 0 0 0 0 0 0 0 0 0 0
   13:   0 0 0 0 0 0 0 0 0 0 0 0 0 0 0 0 0 0 0 0 0 0 0 0 0 0 0 0 0 0 0 0 0 0 0 0 0 0 0 0 0 0 0 0 0 0 0 0 0 0 0 0 0 0 0 0 0 0 0 0 0 0 0 
***** ARQ07.OUT
    8:  0 0 0 0 0 0 0 0 0 0 0 0 0 0 0 0 0 0 0 0 0 0 0 0 0 0 0 0 0 0
    9:  162 163 165 163 162 164 158 161 161 161 165 0 0 0 0 0 0 0 0 0 0 0 0 0 0 0 0 0 0 0 0 0 0 0 0 0 0 0 0 0 0 0 0 0 0 0 0 0 0 0 0 0 0
   10:   0 0 0 0 0 0 0 0 0 0 0 0 0 0 0 0 0 0 0 0 0 0 0 0 0 0 0 0 0 0 0 0 0 0 0 0 0 0 0 0 0 0 0 0 0 0 0 0 0 0 0 0 0 0 0 0 0 0 0 0 0 0 0 
   11:  0 0 0 0 0 0 0 0 0 0 0 0 0 0 0 0 0 0 0 0 0 0 0 0 0 0 0 0 0 0 0 0 0 0
   12:  162 162 162 161 160 162 159 162 160 161 162 169 174 179 0 0 0 0 0 0 0 0 0 0 0 0 0 0 0 0 0 0 0 0 0 0 0 0 0 0 0 0 0 0 0 0 0 0 0 0
   13:   0 0 0 0 0 0 0 0 0 0 0 0 0 0 0 0 0 0 0 0 0 0 0 0 0 0 0 0 0 0 0 0 0 0 0 0 0 0 0 0 0 0 0 0 0 0 0 0 0 0 0 0 0 0 0 0 0 0 0 0 0 0 0 
*****

***** arq07.res
   14:  0 0 0 0 0 0 0 0 0 0 0 0 0 0 0 0 0 0 0 0 0 0 0 0 0 0 0 0 0 0 0 0 0 0 0 0 0
   15:  164 162 162 162 162 161 162 160 157 159 162 169 174 179 177 173 158 0 0 0 0 0 0 0 0 0 0 0 0 0 0 0 0 0 0 0 0 0 0 0 0 0 0 0 0 0 0
   16:   0 0 0 0 0 0 0 0 0 0 0 0 0 0 0 0 0 0 0 0 0 0 0 0 0 0 0 0 0 0 0 0 0 0 0 0 0 0 0 0 0 0 0 0 0 0 0 0 0 0 0 0 0 0 0 0 0 0 0 0 0 0 0 
***** ARQ07.OUT
   14:  0 0 0 0 0 0 0 0 0 0 0 0 0 0 0 0 0 0 0 0 0 0 0 0 0 0 0 0 0 0 0 0 0 0 0 0 0
   15:  164 162 162 162 162 161 162 160 157 159 163 169 174 179 177 173 158 0 0 0 0 0 0 0 0 0 0 0 0 0 0 0 0 0 0 0 0 0 0 0 0 0 0 0 0 0 0
   16:   0 0 0 0 0 0 0 0 0 0 0 0 0 0 0 0 0 0 0 0 0 0 0 0 0 0 0 0 0 0 0 0 0 0 0 0 0 0 0 0 0 0 0 0 0 0 0 0 0 0 0 0 0 0 0 0 0 0 0 0 0 0 0 
*****

***** arq07.res
   17:  0 0 0 0 0 0 0 0 0 0 0 0 0 0 0 0 0 0 0 0 0 0 0 0 0 0 0 0 0 0 0 0 0 0 0 0 0 0 0 0
   18:  161 164 163 162 160 161 160 159 161 160 163 172 177 178 178 173 158 145 114 96 0 0 0 0 0 0 0 0 0 0 0 0 0 0 0 0 0 0 0 0 0 0 0 0 
   19:  0 0 0 0 0 0 0 0 0 0 0 0 0 0 0 0 0 0 0 0 0 0 0 0 0 0 0 0 0 0 0 0 0 0 0 0 0 0 0 0 0 0 0 0 0 0 0 0 0 0 0 0 0 0 0 0 0 0 0 0 0 0 0 0
   20:   0 0 0 0 0 0 0 0 0 0 0 0 0 0 0 0 0 0 0 0 0 0 0 0 0 0 0 0 0 0 0 0 0 0 0 0 0 0 0 0 0 0
   21:  162 160 162 163 164 164 162 159 159 166 166 173 175 176 177 170 156 140 113 97 99 106 109 112 0 0 0 0 0 0 0 0 0 0 0 0 0 0 0 0 0
   22:   0 0 0 0 0 0 0 0 0 0 0 0 0 0 0 0 0 0 0 0 0 0 0 0 0 0 0 0 0 0 0 0 0 0 0 0 0 0 0 0 0 0 0 0 0 0 0 0 0 0 0 0 0 0 0 0 0 0 0 0 0 0 0 
***** ARQ07.OUT
   17:  0 0 0 0 0 0 0 0 0 0 0 0 0 0 0 0 0 0 0 0 0 0 0 0 0 0 0 0 0 0 0 0 0 0 0 0 0 0 0 0
   18:  161 164 163 162 160 161 160 159 161 160 166 172 177 178 178 173 158 145 114 96 99 0 0 0 0 0 0 0 0 0 0 0 0 0 0 0 0 0 0 0 0 0 0 0
   19:   0 0 0 0 0 0 0 0 0 0 0 0 0 0 0 0 0 0 0 0 0 0 0 0 0 0 0 0 0 0 0 0 0 0 0 0 0 0 0 0 0 0 0 0 0 0 0 0 0 0 0 0 0 0 0 0 0 0 0 0 0 0 0 
   20:  0 0 0 0 0 0 0 0 0 0 0 0 0 0 0 0 0 0 0 0 0 0 0 0 0 0 0 0 0 0 0 0 0 0 0 0 0 0 0 0 0 0 0
   21:  162 160 162 163 164 164 162 159 159 166 172 173 175 176 177 170 156 140 113 97 97 106 109 112 0 0 0 0 0 0 0 0 0 0 0 0 0 0 0 0 0
   22:   0 0 0 0 0 0 0 0 0 0 0 0 0 0 0 0 0 0 0 0 0 0 0 0 0 0 0 0 0 0 0 0 0 0 0 0 0 0 0 0 0 0 0 0 0 0 0 0 0 0 0 0 0 0 0 0 0 0 0 0 0 0 0 
*****

***** arq07.res
   23:  0 0 0 0 0 0 0 0 0 0 0 0 0 0 0 0 0 0 0 0 0 0 0 0 0 0 0 0 0 0 0 0 0 0 0 0 0 0 0 0 0 0 0 0 0 0
   24:  160 161 165 164 164 163 163 160 163 169 172 174 175 173 174 170 151 135 114 93 97 105 109 111 110 113 111 0 0 0 0 0 0 0 0 0 0 0
   25:   0 0 0 0 0 0 0 0 0 0 0 0 0 0 0 0 0 0 0 0 0 0 0 0 0 0 0 0 0 0 0 0 0 0 0 0 0 0 0 0 0 0 0 0 0 0 0 0 0 0 0 0 0 0 0 0 0 0 0 0 0 0 0 
***** ARQ07.OUT
   23:  0 0 0 0 0 0 0 0 0 0 0 0 0 0 0 0 0 0 0 0 0 0 0 0 0 0 0 0 0 0 0 0 0 0 0 0 0 0 0 0 0 0 0 0 0 0
   24:  160 161 165 164 164 163 163 160 163 169 171 174 175 173 174 170 151 135 114 93 94 105 109 111 110 113 111 0 0 0 0 0 0 0 0 0 0 0
   25:   0 0 0 0 0 0 0 0 0 0 0 0 0 0 0 0 0 0 0 0 0 0 0 0 0 0 0 0 0 0 0 0 0 0 0 0 0 0 0 0 0 0 0 0 0 0 0 0 0 0 0 0 0 0 0 0 0 0 0 0 0 0 0 
*****

***** arq07.res
   26:  0 0 0 0 0 0 0 0 0 0 0 0 0 0 0 0 0 0 0 0 0 0 0 0 0 0 0 0 0 0 0 0 0 0 0 0 0 0 0 0 0 0 0 0 0 0 0 0 0
   27:  164 164 163 165 163 163 163 159 163 171 171 173 171 169 170 164 152 135 109 92 94 101 106 109 109 111 110 113 113 108 0 0 0 0 0
   28:   0 0 0 0 0 0 0 0 0 0 0 0 0 0 0 0 0 0 0 0 0 0 0 0 0 0 0 0 0 0 0 0 0 0 0 0 0 0 0 0 0 0 0 0 0 0 0 0 0 0 0 0 0 0 0 0 0 0 0 0 0 0 0 
   29:  0 0 0 0 0 0 0 0 0 0 0 0 0 0 0 0 0 0 0 0 0 0 0 0 0 0 0 0 0 0 0 0 0 0 0 0 0 0 0 0 0 0 0 0 0 0 0 0 0 0 0 0
   30:  162 164 164 165 163 165 165 163 169 172 173 169 170 168 172 162 152 132 113 94 94 100 103 107 107 111 109 111 111 109 111 119 1
   31:  24 124 0 0 0 0 0 0 0 0 0 0 0 0 0 0 0 0 0 0 0 0 0 0 0 0 0 0 0 0 0 0 0 0 0 0 0 0 0 0 0 0 0 0 0 0 0 0 0 0 0 0 0 0 0 0 0 0 0 0 0 0 
***** ARQ07.OUT
   26:  0 0 0 0 0 0 0 0 0 0 0 0 0 0 0 0 0 0 0 0 0 0 0 0 0 0 0 0 0 0 0 0 0 0 0 0 0 0 0 0 0 0 0 0 0 0 0 0 0
   27:  164 164 163 165 163 163 163 159 163 171 173 173 171 169 170 164 152 135 109 92 94 101 106 109 109 111 110 113 113 108 111 0 0 0
   28:   0 0 0 0 0 0 0 0 0 0 0 0 0 0 0 0 0 0 0 0 0 0 0 0 0 0 0 0 0 0 0 0 0 0 0 0 0 0 0 0 0 0 0 0 0 0 0 0 0 0 0 0 0 0 0 0 0 0 0 0 0 0 0 
   29:  0 0 0 0 0 0 0 0 0 0 0 0 0 0 0 0 0 0 0 0 0 0 0 0 0 0 0 0 0 0 0 0 0 0 0 0 0 0 0 0 0 0 0 0 0 0 0 0 0 0 0 0 0
   30:  162 164 164 165 163 165 165 163 169 172 172 169 170 168 172 162 152 132 113 94 94 100 103 107 107 111 109 111 111 109 112 119 1
   31:  24 124 0 0 0 0 0 0 0 0 0 0 0 0 0 0 0 0 0 0 0 0 0 0 0 0 0 0 0 0 0 0 0 0 0 0 0 0 0 0 0 0 0 0 0 0 0 0 0 0 0 0 0 0 0 0 0 0 0 0 0 0 
*****

***** arq07.res
   32:  0 0 0 0 0 0 0 0 0 0 0 0 0 0 0 0 0 0 0 0 0 0 0 0 0 0 0 0 0 0 0 0 0 0 0 0 0 0 0 0 0 0 0 0 0 0 0 0 0 0 0 0 0 0 0 0
   33:  165 163 165 168 166 167 168 167 173 175 172 171 167 164 166 163 153 138 114 92 94 100 105 109 110 109 110 109 108 108 112 117 1
   34:  23 124 128 132 129 0 0 0 0 0 0 0 0 0 0 0 0 0 0 0 0 0 0 0 0 0 0 0 0 0 0 0 0 0 0 0 0 0 0 0 0 0 0 0 0 0 0 0 0 0 0 0 0 0 0 0 0 0 0 
***** ARQ07.OUT
   32:  0 0 0 0 0 0 0 0 0 0 0 0 0 0 0 0 0 0 0 0 0 0 0 0 0 0 0 0 0 0 0 0 0 0 0 0 0 0 0 0 0 0 0 0 0 0 0 0 0 0 0 0 0 0 0 0
   33:  165 163 165 168 166 167 168 167 173 175 172 171 167 164 166 163 153 138 114 92 95 100 105 109 110 109 110 109 108 108 113 117 1
   34:  23 124 128 132 129 0 0 0 0 0 0 0 0 0 0 0 0 0 0 0 0 0 0 0 0 0 0 0 0 0 0 0 0 0 0 0 0 0 0 0 0 0 0 0 0 0 0 0 0 0 0 0 0 0 0 0 0 0 0 
*****

***** arq07.res
   35:  0 0 0 0 0 0 0 0 0 0 0 0 0 0 0 0 0 0 0 0 0 0 0 0 0 0 0 0 0 0 0 0 0 0 0 0 0 0 0 0 0 0 0 0 0 0 0 0 0 0 0 0 0 0 0 0 0 0 0
   36:  167 166 166 166 167 169 171 173 174 174 172 168 165 163 166 165 153 138 115 94 95 100 105 106 110 110 109 106 107 107 113 115 1
   37:  20 125 128 130 129 136 137 134 0 0 0 0 0 0 0 0 0 0 0 0 0 0 0 0 0 0 0 0 0 0 0 0 0 0 0 0 0 0 0 0 0 0 0 0 0 0 0 0 0 0 0 0 0 0 0 0 
   38:  0 0 0 0 0 0 0 0 0 0 0 0 0 0 0 0 0 0 0 0 0 0 0 0 0 0 0 0 0 0 0 0 0 0 0 0 0 0 0 0 0 0 0 0 0 0 0 0 0 0 0 0 0 0 0 0 0 0 0 0 0 0
   39:  166 167 165 167 168 172 174 174 173 172 173 167 165 163 167 165 154 135 110 92 95 101 107 112 110 109 109 106 109 105 114 115 1
   40:  21 124 126 130 129 134 136 133 139 135 135 136 0 0 0 0 0 0 0 0 0 0 0 0 0 0 0 0 0 0 0 0 0 0 0 0 0 0 0 0 0 0 0 0 0 0 0 0 0 0 0 0 
   41:  0 0 0 0 0 0 0 0 0 0 0 0 0 0 0 0 0 0 0 0 0 0 0 0 0 0 0 0 0 0 0 0 0 0 0 0 0 0 0 0 0 0 0 0 0 0 0 0 0 0 0 0 0 0 0 0 0 0 0 0 0 0 0 0
***** ARQ07.OUT
   35:  0 0 0 0 0 0 0 0 0 0 0 0 0 0 0 0 0 0 0 0 0 0 0 0 0 0 0 0 0 0 0 0 0 0 0 0 0 0 0 0 0 0 0 0 0 0 0 0 0 0 0 0 0 0 0 0 0 0 0
   36:  167 166 166 166 167 169 171 173 174 174 173 168 165 163 166 165 153 138 115 94 95 100 105 106 110 110 109 106 107 107 114 115 1
   37:  20 125 128 130 129 136 137 134 139 0 0 0 0 0 0 0 0 0 0 0 0 0 0 0 0 0 0 0 0 0 0 0 0 0 0 0 0 0 0 0 0 0 0 0 0 0 0 0 0 0 0 0 0 0 0 
   38:  0 0 0 0 0 0 0 0 0 0 0 0 0 0 0 0 0 0 0 0 0 0 0 0 0 0 0 0 0 0 0 0 0 0 0 0 0 0 0 0 0 0 0 0 0 0 0 0 0 0 0 0 0 0 0 0 0 0 0 0 0 0 0
   39:  166 167 165 167 168 172 174 174 173 172 171 167 165 163 167 165 154 135 110 92 91 101 107 112 110 109 109 106 109 105 111 115 1
   40:  21 124 126 130 129 134 136 133 136 135 135 136 0 0 0 0 0 0 0 0 0 0 0 0 0 0 0 0 0 0 0 0 0 0 0 0 0 0 0 0 0 0 0 0 0 0 0 0 0 0 0 0 
   41:  0 0 0 0 0 0 0 0 0 0 0 0 0 0 0 0 0 0 0 0 0 0 0 0 0 0 0 0 0 0 0 0 0 0 0 0 0 0 0 0 0 0 0 0 0 0 0 0 0 0 0 0 0 0 0 0 0 0 0 0 0 0 0 0
*****

***** arq07.res
   42:   0 0
   43:  168 168 165 167 172 174 170 171 171 169 171 165 165 164 167 168 156 135 110 91 91 97 104 109 107 108 108 109 106 106 111 116 12
   44:  0 122 128 127 130 131 133 135 136 137 134 135 135 134 139 0 0 0 0 0 0 0 0 0 0 0 0 0 0 0 0 0 0 0 0 0 0 0 0 0 0 0 0 0 0 0 0 0 0 0
   45:   0 0 0 0 0 0 0 0 0 0 0 0 0 0 0 0 0 0 0 0 0 0 0 0 0 0 0 0 0 0 0 0 0 0 0 0 0 0 0 0 0 0 0 0 0 0 0 0 0 0 0 0 0 0 0 0 0 0 0 0 0 0 0 
***** ARQ07.OUT
   42:   0 0
   43:  168 168 165 167 172 174 170 171 171 169 168 165 165 164 167 168 156 135 110 91 90 97 104 109 107 108 108 109 106 106 113 116 12
   44:  0 122 128 127 130 131 133 135 134 137 134 135 135 134 139 0 0 0 0 0 0 0 0 0 0 0 0 0 0 0 0 0 0 0 0 0 0 0 0 0 0 0 0 0 0 0 0 0 0 0
   45:   0 0 0 0 0 0 0 0 0 0 0 0 0 0 0 0 0 0 0 0 0 0 0 0 0 0 0 0 0 0 0 0 0 0 0 0 0 0 0 0 0 0 0 0 0 0 0 0 0 0 0 0 0 0 0 0 0 0 0 0 0 0 0 
*****

***** arq07.res
   46:  0 0 0 0 0
   47:  168 166 164 172 175 171 163 167 164 165 168 166 163 167 166 166 152 136 109 93 90 102 105 106 109 107 110 105 108 107 113 118 1
   48:  20 124 128 131 129 132 131 134 134 134 135 134 135 135 139 136 138 138 0 0 0 0 0 0 0 0 0 0 0 0 0 0 0 0 0 0 0 0 0 0 0 0 0 0 0 0 
   49:  0 0 0 0 0 0 0 0 0 0 0 0 0 0 0 0 0 0 0 0 0 0 0 0 0 0 0 0 0 0 0 0 0 0 0 0 0 0 0 0 0 0 0 0 0 0 0 0 0 0 0 0 0 0 0 0 0 0 0 0 0 0 0 0
   50:   0 0 0 0 0 0 0 0
   51:  166 166 167 175 176 169 159 160 158 160 164 167 163 166 167 164 152 134 108 89 95 99 103 108 109 108 108 106 105 108 111 116 11
   52:  9 123 124 129 126 133 132 132 134 134 137 136 134 134 136 138 139 138 138 138 138 136 0 0 0 0 0 0 0 0 0 0 0 0 0 0 0 0 0 0 0 0 0
   53:   0 0 0 0 0 0 0 0 0 0 0 0 0 0 0 0 0 0 0 0 0 0 0 0 0 0 0 0 0 0 0 0 0 0 0 0 0 0 0 0 0 0 0 0 0 0 0 0 0 0 0 0 0 0 0 0 0 0 0 0 0 0 0 
***** ARQ07.OUT
   46:  0 0 0 0 0
   47:  168 166 164 172 175 171 163 167 164 165 164 166 163 167 166 166 152 136 109 93 95 102 105 106 109 107 110 105 108 107 111 118 1
   48:  20 124 128 131 129 132 131 134 134 134 135 134 135 135 139 136 138 138 138 0 0 0 0 0 0 0 0 0 0 0 0 0 0 0 0 0 0 0 0 0 0 0 0 0 0 
   49:  0 0 0 0 0 0 0 0 0 0 0 0 0 0 0 0 0 0 0 0 0 0 0 0 0 0 0 0 0 0 0 0 0 0 0 0 0 0 0 0 0 0 0 0 0 0 0 0 0 0 0 0 0 0 0 0 0 0 0 0 0 0 0 0
   50:   0 0 0 0 0 0 0 0 0
   51:  166 166 167 175 176 169 159 160 158 160 163 167 163 166 167 164 152 134 108 89 93 99 103 108 109 108 108 106 105 108 113 116 11
   52:  9 123 124 129 126 133 132 132 133 134 137 136 134 134 136 138 139 138 139 138 138 136 0 0 0 0 0 0 0 0 0 0 0 0 0 0 0 0 0 0 0 0 0
   53:   0 0 0 0 0 0 0 0 0 0 0 0 0 0 0 0 0 0 0 0 0 0 0 0 0 0 0 0 0 0 0 0 0 0 0 0 0 0 0 0 0 0 0 0 0 0 0 0 0 0 0 0 0 0 0 0 0 0 0 0 0 0 0 
*****

***** arq07.res
   54:  0 0 0 0 0 0 0 0 0 0 0 0
   55:  165 167 173 176 174 162 152 152 151 153 163 168 167 166 166 166 150 135 106 86 93 102 104 108 110 110 108 108 108 108 113 114 1
   56:  18 125 123 129 129 134 133 134 133 136 135 135 135 134 137 136 138 138 139 139 139 135 139 137 140 0 0 0 0 0 0 0 0 0 0 0 0 0 0 
***** ARQ07.OUT
   54:  0 0 0 0 0 0 0 0 0 0 0 0
   55:  165 167 173 176 174 162 152 152 151 153 165 168 167 166 166 166 150 135 106 86 89 102 104 108 110 110 108 108 108 108 112 114 1
   56:  18 125 123 129 129 134 133 134 133 136 135 135 135 134 137 136 138 138 139 139 139 135 139 137 140 0 0 0 0 0 0 0 0 0 0 0 0 0 0 
*****

***** arq07.res
   58:   0 0 0 0 0 0 0 0 0 0 0 0 0 0 0
   59:  167 172 178 172 168 158 143 143 145 150 165 168 166 165 168 165 155 135 105 87 89 99 105 107 107 108 107 104 108 109 112 113 11
   60:  9 124 125 127 130 129 133 134 133 137 136 137 135 133 136 135 138 136 139 136 138 138 138 136 139 140 140 139 0 0 0 0 0 0 0 0 0
   61:   0 0 0 0 0 0 0 0 0 0 0 0 0 0 0 0 0 0 0 0 0 0 0 0 0 0 0 0 0 0 0 0 0 0 0 0 0 0 0 0 0 0 0 0 0 0 0 0 0 0 0 0 0 0 0 0 0 0 0 0 0 0 0 
   62:  0 0 0 0 0 0 0 0 0 0 0 0 0 0 0 0 0 0
   63:  170 176 176 166 162 148 126 130 136 152 165 169 167 167 170 164 154 135 105 87 91 98 105 106 108 106 105 107 104 107 110 114 11
   64:  8 122 126 126 129 132 134 131 134 135 135 135 138 134 136 136 135 135 138 138 137 135 138 137 138 139 138 139 138 141 137 134 0
***** ARQ07.OUT
   58:   0 0 0 0 0 0 0 0 0 0 0 0 0 0 0
   59:  167 172 178 172 168 158 143 143 145 150 165 168 166 165 168 165 155 135 105 87 91 99 105 107 107 108 107 104 108 109 110 113 11
   60:  9 124 125 127 130 129 133 134 134 137 136 137 135 133 136 135 138 136 138 136 138 138 138 136 139 140 140 139 138 0 0 0 0 0 0 0
   61:   0 0 0 0 0 0 0 0 0 0 0 0 0 0 0 0 0 0 0 0 0 0 0 0 0 0 0 0 0 0 0 0 0 0 0 0 0 0 0 0 0 0 0 0 0 0 0 0 0 0 0 0 0 0 0 0 0 0 0 0 0 0 0 
   62:  0 0 0 0 0 0 0 0 0 0 0 0 0 0 0 0 0 0 0
   63:  170 176 176 166 162 148 126 130 136 152 166 169 167 167 170 164 154 135 105 87 91 98 105 106 108 106 105 107 104 107 111 114 11
   64:  8 122 126 126 129 132 134 131 134 135 135 135 138 134 136 136 135 135 138 138 137 135 138 137 138 139 138 139 138 141 137 134 0
*****

***** arq07.res
   66:  0 0 0 0 0 0 0 0 0 0 0 0 0 0 0 0 0 0 0 0 0 0
   67:  176 182 172 161 154 133 105 118 138 158 166 170 169 170 171 166 153 137 108 90 91 98 104 107 109 108 110 107 107 103 111 115 11
   68:  8 120 127 129 128 132 131 130 134 134 133 134 134 135 135 136 137 135 138 137 135 137 137 136 136 135 137 137 138 140 136 133 1
   69:  36 135 139 0 0 0 0 0 0 0 0 0 0 0 0 0 0 0 0 0 0 0 0 0 0 0 0 0 0 0 0 0 0 0 0 0 0 0 0 0 0 0 0 0 0 0 0 0 0 0 0 0 0 0 0 0 0 0 0 0 0 
***** ARQ07.OUT
   66:  0 0 0 0 0 0 0 0 0 0 0 0 0 0 0 0 0 0 0 0 0 0
   67:  176 182 172 161 154 133 105 118 138 158 167 170 169 170 171 166 153 137 108 90 90 98 104 107 109 108 110 107 107 103 109 115 11
   68:  8 120 127 129 128 132 131 130 132 134 133 134 134 135 135 136 137 135 138 137 135 137 137 136 136 135 137 137 133 140 136 133 1
   69:  36 135 139 0 0 0 0 0 0 0 0 0 0 0 0 0 0 0 0 0 0 0 0 0 0 0 0 0 0 0 0 0 0 0 0 0 0 0 0 0 0 0 0 0 0 0 0 0 0 0 0 0 0 0 0 0 0 0 0 0 0 
*****

Resync Failed.  Files are too different.
***** arq07.res
   70:  0 0 0 0 0 0 0 0 0 0 0 0 0 0 0 0 0 0 0 0 0 0 0 0 0
   71:  177 177 166 154 148 117 85 108 137 158 167 172 172 169 172 167 156 136 107 87 90 97 101 106 108 110 107 105 104 109 109 115 120
   72:   121 125 126 129 130 131 130 132 132 131 134 134 134 134 135 137 135 138 137 138 136 138 138 134 134 136 136 133 135 136 135 13
   73:  6 135 136 137 137 135 0 0 0 0 0 0 0 0 0 0 0 0 0 0 0 0 0 0 0 0 0 0 0 0 0 0 0 0 0 0 0 0 0 0 0 0 0 0 0 0 0 0 0 0 0 0 0 0 0 0 0 0 0
   74:   0 0 0 0 0 0 0 0 0 0 0 0 0 0 0 0 0 0 0 0 0 0 0 0 0 0 0
   75:  178 173 162 143 131 91 79 105 138 158 169 173 171 170 169 165 156 136 103 83 88 96 103 108 107 109 105 107 106 107 109 115 118 
   76:  124 125 123 123 127 131 134 133 133 131 132 134 135 135 134 134 131 136 136 134 135 136 136 137 137 138 137 137 137 135 135 132
   77:   134 138 134 136 134 139 138 141 138 0 0 0 0 0 0 0 0 0 0 0 0 0 0 0 0 0 0 0 0 0 0 0 0 0 0 0 0 0 0 0 0 0 0 0 0 0 0 0 0 0 0 0 0 0 
   78:  0 0 0 0 0 0 0 0 0 0 0 0 0 0 0 0 0 0 0 0 0 0 0 0 0 0 0 0 0 0 0
   79:  174 167 153 128 115 82 81 104 136 153 170 172 172 170 171 167 157 137 105 83 87 93 101 102 107 109 109 108 106 107 112 114 120 
   80:  124 124 122 128 130 129 131 131 135 131 130 134 134 134 135 135 134 137 137 135 133 133 136 136 134 141 136 135 137 136 136 134
   81:   133 135 137 131 134 137 137 139 136 137 143 135 0 0 0 0 0 0 0 0 0 0 0 0 0 0 0 0 0 0 0 0 0 0 0 0 0 0 0 0 0 0 0 0 0 0 0 0 0 0 0 
   82:  0 0 0 0 0 0 0 0 0 0 0 0 0 0 0 0 0 0 0 0 0 0 0 0 0 0 0 0 0 0 0 0 0 0
   83:  168 157 141 109 92 85 83 108 136 156 170 174 169 170 169 167 153 136 107 81 84 98 100 101 105 103 107 106 109 111 113 118 116 1
   84:  22 124 125 128 128 127 128 129 132 130 126 129 132 135 135 135 136 133 136 136 133 134 137 140 136 137 132 136 135 136 140 136 
   85:  135 136 136 133 136 136 135 136 135 136 141 135 137 136 134 0 0 0 0 0 0 0 0 0 0 0 0 0 0 0 0 0 0 0 0 0 0 0 0 0 0 0 0 0 0 0 0 0 0
   86:   0 0 0 0 0 0 0 0 0 0 0 0 0 0 0 0 0 0 0 0 0 0 0 0 0 0 0 0 0 0 0 0 0 0 0 0
   87:  165 150 121 88 82 87 86 110 136 155 169 174 173 170 171 164 149 136 106 80 83 90 94 98 104 106 103 105 109 109 111 117 120 124 
   88:  125 126 130 128 129 131 130 132 129 129 131 133 133 133 133 133 136 133 135 135 133 135 139 137 134 133 137 134 134 134 135 134
   89:   137 136 133 136 137 139 136 134 136 137 136 135 134 135 137 137 133 134 0 0 0 0 0 0 0 0 0 0 0 0 0 0 0 0 0 0 0 0 0 0 0 0 0 0 0 
   90:  0 0 0 0 0 0 0 0 0 0 0 0 0 0 0 0 0 0 0 0 0 0 0 0 0 0 0 0 0 0 0 0 0 0 0 0 0 0 0
   91:  154 134 96 86 86 88 87 110 137 156 170 173 174 170 168 165 151 135 104 77 79 87 95 96 100 99 102 103 104 110 111 118 119 123 12
   92:  8 123 128 130 128 132 131 130 130 132 133 134 134 134 135 128 132 134 135 135 133 136 137 140 134 129 132 130 131 131 135 135 1
   93:  35 137 132 135 136 138 139 134 135 134 134 134 132 134 136 136 130 134 134 134 133 0 0 0 0 0 0 0 0 0 0 0 0 0 0 0 0 0 0 0 0 0 0 
   94:  0 0 0 0 0 0 0 0 0 0 0 0 0 0 0 0 0 0 0 0 0 0 0 0 0 0 0 0 0 0 0 0 0 0 0 0 0 0 0 0 0
   95:  141 111 87 90 91 92 90 109 137 156 168 173 173 173 168 165 154 135 102 78 80 91 94 100 99 101 104 104 105 107 110 116 117 122 1
   96:  24 127 129 131 131 129 131 131 130 133 133 132 133 132 132 129 134 133 135 134 134 133 136 137 132 135 130 126 127 126 131 132 
   97:  131 134 132 133 138 140 141 137 136 135 136 136 135 133 133 132 130 131 133 135 132 130 134 127 0 0 0 0 0 0 0 0 0 0 0 0 0 0 0 0
   98:   0 0 0 0 0 0 0 0 0 0 0 0 0 0 0 0 0 0 0 0 0 0 0 0 0 0 0 0 0 0 0 0 0 0 0 0 0 0 0 0 0 0 0 0
   99:  124 92 88 96 91 90 88 108 136 155 167 174 174 172 169 164 153 133 100 78 78 90 97 101 105 104 104 103 105 109 109 113 118 121 1
  100:  23 125 125 130 128 130 129 130 133 132 132 136 132 133 129 132 132 134 133 134 134 131 136 135 132 131 128 127 125 129 134 131 
  101:  129 131 132 131 137 137 140 136 137 137 135 134 135 134 134 134 132 132 133 133 132 131 132 126 125 122 115 106 0 0 0 0 0 0 0 0
  102:   0 0 0 0 0 0 0 0 0 0 0 0 0 0 0 0 0 0 0 0 0 0 0 0 0 0 0 0 0 0 0 0 0 0 0 0 0 0 0 0 0 0 0 0 0 0 0 0
  103:  101 86 90 94 92 91 89 109 135 153 169 174 174 171 170 163 149 133 102 79 81 88 98 104 102 109 104 103 106 106 107 108 115 118 1
  104:  19 124 125 126 126 126 129 133 132 132 133 135 134 131 133 133 136 134 137 134 134 133 134 132 132 131 128 129 126 127 127 131 
  105:  128 129 128 132 133 133 137 137 134 135 134 139 133 130 133 131 133 133 131 133 132 128 129 130 126 120 116 107 119 137 148 0 0
  106:   0 0 0 0 0 0 0 0 0 0 0 0 0 0 0 0 0 0 0 0 0 0 0 0 0 0 0 0 0 0 0 0 0 0 0 0 0 0 0 0 0 0 0 0 0 0 0 0 0 0 0
  107:  90 90 92 93 95 91 89 106 135 155 166 172 172 171 172 163 150 130 103 79 80 91 95 102 99 101 104 100 103 101 109 112 115 120 120
  108:   122 119 124 125 127 127 131 132 130 132 133 131 135 133 133 132 136 134 133 131 133 135 131 132 131 128 129 124 127 129 130 13
  109:  3 131 129 130 133 135 132 134 136 136 136 136 135 133 136 136 132 132 133 134 133 132 133 128 124 120 115 110 117 135 147 159 1
  110:  63 167 0 0 0 0 0 0 0 0 0 0 0 0 0 0 0 0 0 0 0 0 0 0 0 0 0 0 0 0 0 0 0 0 0 0 0 0 0 0 0 0 0 0 0 0 0 0 0 0 0 0
  111:  90 93 96 95 92 92 89 105 136 151 165 171 175 170 170 163 150 131 105 81 82 92 98 99 101 101 105 103 104 105 107 112 113 116 114
  112:   120 122 127 127 130 128 129 131 130 132 132 129 130 129 130 132 132 132 131 134 128 133 134 130 128 134 130 129 127 125 128 12
  113:  2 125 125 125 129 134 133 133 135 136 139 133 132 130 135 131 131 130 133 136 134 136 133 129 123 121 116 114 109 125 141 156 1
  114:  63 166 161 156 158 160 0 0 0 0 0 0 0 0 0 0 0 0 0 0 0 0 0 0 0 0 0 0 0 0 0 0 0 0 0 0 0 0 0 0 0 0 0 0 0 0 0 0 0 0 0 0
  115:  89 94 95 95 96 94 92 105 131 151 165 171 172 172 171 164 150 130 105 78 85 94 95 98 106 103 102 103 106 104 108 110 113 115 121
  116:   119 120 122 123 123 127 129 130 128 128 128 152 128 150 149 132 138 141 132 130 139 147 140 146 148 131 141 137 136 126 121 12
  117:  2 123 122 125 127 133 133 136 133 137 135 135 132 131 133 131 132 130 132 132 133 130 134 129 127 122 117 119 109 114 135 153 1
  118:  59 165 161 158 157 157 162 162 160 0 0 0 0 0 0 0 0 0 0 0 0 0 0 0 0 0 0 0 0 0 0 0 0 0 0 0 0 0 0 0 0 0 0 0 0 0 0 0 0 0 0 0
  119:  95 93 95 93 96 93 92 106 135 151 165 170 171 171 170 164 150 128 101 80 82 93 96 99 102 103 105 105 103 106 108 112 114 118 122
  120:   118 119 123 123 125 128 128 129 130 125 134 156 132 133 138 156 147 131 123 137 156 147 153 157 143 155 151 158 172 155 167 17
  121:  1 121 120 120 128 129 133 132 134 137 137 133 131 130 134 133 131 132 132 132 131 131 133 130 128 122 120 115 111 109 123 147 1
  122:  57 163 163 160 159 160 161 160 162 160 159 159 0 0 0 0 0 0 0 0 0 0 0 0 0 0 0 0 0 0 0 0 0 0 0 0 0 0 0 0 0 0 0 0 0 0 0 0 0 0 0 0
  123:  96 93 93 91 97 90 89 110 135 151 165 170 172 172 171 165 151 133 110 77 83 92 100 103 101 107 106 108 104 105 108 112 115 117 1
  124:  19 119 124 125 121 122 124 128 129 126 129 137 117 104 127 128 131 128 127 126 133 140 142 151 151 148 150 156 174 175 169 183 
  125:  183 163 164 155 123 127 129 131 134 136 134 133 133 133 134 131 133 128 130 131 130 131 133 129 127 127 121 117 113 106 118 145
  126:   155 160 166 162 161 161 160 161 160 159 158 158 157 160 159 162 0 0 0 0 0 0 0 0 0 0 0 0 0 0 0 0 0 0 0 0 0 0 0 0 0 0 0 0 0 0 0 
  127:  0 0 0 0 0
  128:  92 92 92 92 92 89 86 105 134 152 164 169 167 170 169 164 151 131 105 80 85 94 101 101 99 103 102 106 105 104 108 111 114 118 11
  129:  9 119 120 126 125 125 127 124 131 124 140 131 117 115 122 126 126 123 124 122 131 140 139 142 144 154 156 153 159 166 175 184 1
  130:  86 186 187 187 138 126 121 122 134 134 132 132 131 131 134 131 131 130 132 130 130 133 132 129 128 129 121 113 114 108 113 137 
  131:  150 160 166 168 166 164 165 165 163 161 161 159 158 162 160 160 160 164 161 0 0 0 0 0 0 0 0 0 0 0 0 0 0 0 0 0 0 0 0 0 0 0 0 0 0
  132:   0 0 0 0 0 0 0
  133:  91 91 95 96 94 91 86 104 135 153 164 169 171 169 167 165 152 130 104 80 80 91 97 100 104 103 101 104 104 104 109 111 112 118 11
  134:  8 120 120 124 124 127 126 123 129 136 154 115 117 121 118 113 123 129 126 124 136 136 132 132 141 135 157 153 159 159 167 172 1
  135:  81 183 183 175 196 189 176 141 125 127 127 130 131 132 135 131 132 130 129 131 129 131 133 131 130 124 123 115 111 109 118 131 
  136:  150 157 164 169 167 167 166 168 169 163 161 160 159 157 160 161 160 163 161 161 196 217 0 0 0 0 0 0 0 0 0 0 0 0 0 0 0 0 0 0 0 0
  137:   0 0 0 0 0 0 0 0 0 0
  138:  95 95 94 96 96 94 88 100 130 152 163 170 168 169 169 168 152 132 104 81 80 90 98 100 106 102 105 104 104 105 109 109 115 117 12
  139:  0 119 123 124 123 124 124 129 130 130 131 115 113 112 111 118 121 123 130 130 134 139 134 135 140 139 148 158 157 165 172 173 1
  140:  72 187 182 181 186 186 194 201 125 121 122 131 131 132 133 136 129 135 131 129 132 131 131 131 128 124 122 116 115 112 117 130 
  141:  145 156 163 167 169 165 167 169 167 163 163 162 161 161 159 159 159 160 159 158 192 217 223 226 221 176 0 0 0 0 0 0 0 0 0 0 0 0
  142:   0 0 0 0 0 0 0 0 0 0 0 0 0 0
  143:  95 97 97 100 101 94 90 103 132 149 164 171 169 170 168 168 152 133 106 79 81 89 95 98 99 105 105 103 103 108 107 109 116 118 12
  144:  0 120 123 127 125 129 128 129 132 116 114 114 114 112 116 127 124 123 123 134 134 128 139 135 140 142 141 147 150 156 168 168 1
  145:  69 175 178 186 179 189 186 196 196 173 128 127 128 129 134 135 133 132 132 131 130 130 131 130 126 125 121 116 115 110 115 131 
  146:  144 155 164 167 167 169 165 166 169 168 163 164 161 159 161 161 159 159 157 159 164 206 222 225 223 184 109 109 116 0 0 0 0 0 0
  147:   0 0 0 0 0 0 0 0 0 0 0 0 0 0 0 0 0
  148:  99 99 101 102 98 99 97 102 128 151 164 171 171 170 169 167 151 135 108 82 82 89 94 98 100 103 104 103 104 102 107 111 113 117 1
  149:  25 119 121 122 127 126 125 132 114 110 109 111 118 119 123 122 118 123 130 129 128 136 134 140 142 134 136 143 142 151 161 166 
  150:  176 178 187 179 184 190 197 193 197 204 200 118 124 126 135 134 135 133 130 132 130 131 132 126 129 122 122 124 117 112 118 130
  151:   141 150 163 164 168 168 166 165 165 166 166 161 165 162 160 161 157 156 158 160 154 181 220 225 225 213 110 107 116 122 125 12
  152:  5 0 0 0 0 0 0 0 0 0 0 0 0 0 0 0 0 0 0 0 0
  153:  101 103 102 104 102 99 98 105 132 149 164 172 173 172 169 165 152 132 103 73 81 88 96 96 102 103 104 103 101 105 106 111 113 11
  154:  8 120 120 122 124 124 127 130 122 111 114 114 112 118 123 115 130 125 126 126 122 127 135 132 134 144 142 141 147 145 153 163 1
  155:  70 181 179 183 194 196 191 190 194 199 200 201 166 118 119 130 130 131 133 134 130 132 131 131 129 127 121 122 119 115 111 114 
  156:  128 140 148 158 162 166 166 167 165 165 165 165 163 163 160 160 160 158 157 157 158 157 158 213 222 226 225 151 108 113 121 124
  157:   125 127 126 126 125 0 0 0 0 0 0 0 0 0 0 0 0 0 0 0 0
  158:  103 106 105 103 104 101 98 104 131 150 164 173 172 174 171 164 152 129 101 74 78 86 90 95 99 103 102 107 104 105 107 109 114 11
  159:  7 121 124 123 125 122 140 128 120 116 113 119 116 116 119 126 123 123 125 120 122 126 122 130 133 137 138 139 142 135 154 156 1
  160:  62 173 182 182 183 185 196 188 199 194 197 200 204 190 132 124 130 132 131 131 130 132 133 129 131 127 123 118 119 118 113 115 
  161:  129 139 149 157 160 162 164 164 164 164 162 164 163 160 161 161 160 158 157 157 157 157 152 202 219 225 226 196 121 108 118 122
  162:   124 125 127 127 124 126 126 127 0 0 0 0 0 0 0 0 0 0 0 0 0
  163:  104 102 102 102 102 101 101 104 131 152 164 172 173 173 173 165 153 130 100 80 76 83 93 96 97 98 99 104 100 108 110 114 113 116
  164:   120 118 118 120 129 131 120 112 115 119 117 116 119 123 122 116 121 121 118 126 123 133 139 135 141 139 138 139 146 145 154 15
  165:  7 157 176 176 191 188 188 190 194 189 198 198 203 208 202 118 122 125 128 129 129 131 129 131 125 126 124 121 116 115 111 115 1
  166:  25 137 145 155 157 160 162 163 163 163 166 164 162 162 163 162 160 158 159 157 156 156 154 171 212 224 226 219 169 108 116 119 
  167:  124 123 125 126 126 124 128 129 129 131 130 0 0 0 0 0 0 0 0 0 0
  168:  104 104 103 104 104 99 101 110 133 151 164 171 172 172 172 169 158 132 103 76 78 79 92 99 101 102 103 98 103 103 112 111 114 11
  169:  6 117 120 112 114 175 120 109 108 110 120 114 114 118 123 118 118 116 113 121 134 129 130 134 138 145 143 138 139 144 142 155 1
***** ARQ07.OUT
   70:  0 0 0 0 0 0 0 0 0 0 0 0 0 0 0 0 0 0 0 0 0 0 0 0 0
   71:  177 177 166 154 148 117 85 108 137 158 169 172 172 169 172 167 156 136 107 87 88 97 101 106 108 110 107 105 104 109 109 115 120
   72:   121 125 126 129 130 131 130 133 132 131 134 134 134 134 135 137 135 136 137 138 136 138 138 134 134 136 136 137 135 136 135 13
   73:  6 135 136 137 137 135 139 0 0 0 0 0 0 0 0 0 0 0 0 0 0 0 0 0 0 0 0 0 0 0 0 0 0 0 0 0 0 0 0 0 0 0 0 0 0 0 0 0 0 0 0 0 0 0 0 0 0 0
   74:   0 0 0 0 0 0 0 0 0 0 0 0 0 0 0 0 0 0 0 0 0 0 0 0 0 0 0 0
   75:  178 173 162 143 131 91 79 105 138 158 170 173 171 170 169 165 156 136 103 83 87 96 103 108 107 109 105 107 106 107 112 115 118 
   76:  124 125 123 123 127 131 134 131 133 131 132 134 135 135 134 134 131 137 136 134 135 136 136 137 137 138 137 135 137 135 135 132
   77:   134 138 134 136 134 137 138 141 138 0 0 0 0 0 0 0 0 0 0 0 0 0 0 0 0 0 0 0 0 0 0 0 0 0 0 0 0 0 0 0 0 0 0 0 0 0 0 0 0 0 0 0 0 0 
   78:  0 0 0 0 0 0 0 0 0 0 0 0 0 0 0 0 0 0 0 0 0 0 0 0 0 0 0 0 0 0 0
   79:  174 167 153 128 115 82 81 104 136 153 170 172 172 170 171 167 157 137 105 83 84 93 101 102 107 109 109 108 106 107 113 114 120 
   80:  124 124 122 128 130 129 131 129 135 131 130 134 134 134 135 135 134 133 137 135 133 133 136 136 134 141 136 136 137 136 136 134
   81:   133 135 137 131 134 136 137 139 136 137 143 135 0 0 0 0 0 0 0 0 0 0 0 0 0 0 0 0 0 0 0 0 0 0 0 0 0 0 0 0 0 0 0 0 0 0 0 0 0 0 0 
   82:  0 0 0 0 0 0 0 0 0 0 0 0 0 0 0 0 0 0 0 0 0 0 0 0 0 0 0 0 0 0 0 0 0 0
   83:  168 157 141 109 92 85 83 108 136 156 169 174 169 170 169 167 153 136 107 81 83 98 100 101 105 103 107 106 109 111 111 118 116 1
   84:  22 124 125 128 128 127 128 130 132 130 126 129 132 135 135 135 136 136 136 136 133 134 137 140 136 137 132 137 135 136 140 136 
   85:  135 136 136 133 136 137 135 136 135 136 141 135 137 136 134 137 0 0 0 0 0 0 0 0 0 0 0 0 0 0 0 0 0 0 0 0 0 0 0 0 0 0 0 0 0 0 0 0
   86:   0 0 0 0 0 0 0 0 0 0 0 0 0 0 0 0 0 0 0 0 0 0 0 0 0 0 0 0 0 0 0 0 0 0 0 0 0
   87:  165 150 121 88 82 87 86 110 136 155 170 174 173 170 171 164 149 136 106 80 79 90 94 98 104 106 103 105 109 109 111 117 120 124 
   88:  125 126 130 128 129 131 131 132 129 129 131 133 133 133 133 133 132 133 135 135 133 135 139 137 134 133 132 134 134 134 135 134
   89:   137 136 133 136 136 139 136 134 136 137 136 135 134 135 136 137 133 134 0 0 0 0 0 0 0 0 0 0 0 0 0 0 0 0 0 0 0 0 0 0 0 0 0 0 0 
   90:  0 0 0 0 0 0 0 0 0 0 0 0 0 0 0 0 0 0 0 0 0 0 0 0 0 0 0 0 0 0 0 0 0 0 0 0 0 0 0
   91:  154 134 96 86 86 88 87 110 137 156 168 173 174 170 168 165 151 135 104 77 80 87 95 96 100 99 102 103 104 110 110 118 119 123 12
   92:  8 123 128 130 128 132 131 130 130 132 133 134 134 134 135 128 134 134 135 135 133 136 137 140 134 129 130 130 131 131 135 135 1
   93:  35 137 132 135 138 138 139 134 135 134 134 134 132 134 133 136 130 134 134 134 133 0 0 0 0 0 0 0 0 0 0 0 0 0 0 0 0 0 0 0 0 0 0 
   94:  0 0 0 0 0 0 0 0 0 0 0 0 0 0 0 0 0 0 0 0 0 0 0 0 0 0 0 0 0 0 0 0 0 0 0 0 0 0 0 0 0
   95:  141 111 87 90 91 92 90 109 137 156 167 173 173 173 168 165 154 135 102 78 78 91 94 100 99 101 104 104 105 107 109 116 117 122 1
   96:  24 127 129 131 131 129 129 131 130 133 133 132 133 132 132 129 132 133 135 134 134 133 136 137 132 135 128 126 127 126 131 132 
   97:  131 134 132 133 137 140 141 137 136 135 136 136 135 133 134 132 130 131 133 135 132 130 134 127 125 0 0 0 0 0 0 0 0 0 0 0 0 0 0
   98:   0 0 0 0 0 0 0 0 0 0 0 0 0 0 0 0 0 0 0 0 0 0 0 0 0 0 0 0 0 0 0 0 0 0 0 0 0 0 0 0 0 0 0 0 0
   99:  124 92 88 96 91 90 88 108 136 155 169 174 174 172 169 164 153 133 100 78 81 90 97 101 105 104 104 103 105 109 107 113 118 121 1
  100:  23 125 125 130 128 130 129 130 133 132 132 136 132 133 129 132 136 134 133 134 134 131 136 135 132 131 128 127 125 129 134 131 
  101:  129 131 132 131 133 137 140 136 137 137 135 134 135 134 133 134 132 132 133 133 132 131 132 126 126 122 115 106 0 0 0 0 0 0 0 0
  102:   0 0 0 0 0 0 0 0 0 0 0 0 0 0 0 0 0 0 0 0 0 0 0 0 0 0 0 0 0 0 0 0 0 0 0 0 0 0 0 0 0 0 0 0 0 0 0 0
  103:  101 86 90 94 92 91 89 109 135 153 166 174 174 171 170 163 149 133 102 79 80 88 98 104 102 109 104 103 106 106 109 108 115 118 1
  104:  19 124 125 126 126 126 127 133 132 132 133 135 134 131 133 133 132 134 137 134 134 133 134 132 132 131 128 129 126 127 127 131 
  105:  128 129 128 132 133 133 137 137 134 135 134 139 133 130 136 131 133 133 131 133 132 128 129 130 124 120 116 107 119 137 148 0 0
  106:   0 0 0 0 0 0 0 0 0 0 0 0 0 0 0 0 0 0 0 0 0 0 0 0 0 0 0 0 0 0 0 0 0 0 0 0 0 0 0 0 0 0 0 0 0 0 0 0 0 0 0
  107:  90 90 92 93 95 91 89 106 135 155 165 172 172 171 172 163 150 130 103 79 82 91 95 102 99 101 104 100 103 101 107 112 115 120 120
  108:   122 119 124 125 127 128 131 132 130 132 133 131 135 133 133 132 136 134 133 131 133 135 131 132 131 134 129 124 127 129 130 13
  109:  3 131 129 130 129 135 132 134 136 136 136 136 135 133 135 136 132 132 133 134 133 132 133 128 123 120 115 110 117 135 147 159 1
  110:  63 167 161 0 0 0 0 0 0 0 0 0 0 0 0 0 0 0 0 0 0 0 0 0 0 0 0 0 0 0 0 0 0 0 0 0 0 0 0 0 0 0 0 0 0 0 0 0 0 0 0 0
  111:  90 93 96 95 92 92 89 105 136 151 165 171 175 170 170 163 150 131 105 81 85 92 98 99 101 101 105 103 104 105 108 112 113 116 114
  112:   120 122 127 127 130 127 129 131 130 132 132 129 130 129 130 132 132 132 131 134 128 133 134 130 128 131 130 129 127 125 128 12
  113:  2 125 125 125 127 134 133 133 135 136 139 133 132 130 133 131 131 130 133 136 134 136 133 129 127 121 116 114 109 125 141 156 1
  114:  63 166 161 156 158 160 0 0 0 0 0 0 0 0 0 0 0 0 0 0 0 0 0 0 0 0 0 0 0 0 0 0 0 0 0 0 0 0 0 0 0 0 0 0 0 0 0 0 0 0 0 0
  115:  89 94 95 95 96 94 92 105 131 151 165 171 172 172 171 164 150 130 105 78 82 94 95 98 106 103 102 103 106 104 108 110 113 115 121
  116:   119 120 122 123 123 128 129 130 128 128 128 152 128 150 149 156 138 141 132 130 139 147 140 146 148 155 141 137 136 126 121 12
  117:  2 123 122 125 128 133 133 136 133 137 135 135 132 131 134 131 132 130 132 132 133 130 134 129 128 122 117 119 109 114 135 153 1
  118:  59 165 163 158 157 157 162 162 160 0 0 0 0 0 0 0 0 0 0 0 0 0 0 0 0 0 0 0 0 0 0 0 0 0 0 0 0 0 0 0 0 0 0 0 0 0 0 0 0 0 0 0
  119:  95 93 95 93 96 93 92 106 135 151 165 170 171 171 170 164 150 128 101 80 83 93 96 99 102 103 105 105 103 106 108 112 114 118 122
  120:   118 119 123 123 125 124 128 129 130 125 134 156 132 133 138 131 147 131 123 137 156 147 153 157 143 150 151 158 172 155 167 17
  121:  1 121 120 120 123 129 133 132 134 137 137 133 131 130 134 133 131 132 132 132 131 131 133 130 127 122 120 115 111 109 123 147 1
  122:  57 163 166 160 159 160 161 160 162 160 159 159 157 0 0 0 0 0 0 0 0 0 0 0 0 0 0 0 0 0 0 0 0 0 0 0 0 0 0 0 0 0 0 0 0 0 0 0 0 0 0 
  123:  0
  124:  96 93 93 91 97 90 89 110 135 151 164 170 172 172 171 165 151 133 110 77 85 92 100 103 101 107 106 108 104 105 108 112 115 117 1
  125:  19 119 124 125 121 122 127 128 129 126 129 137 117 104 127 128 126 128 127 126 133 140 142 151 151 148 156 156 174 175 169 183 
  126:  183 163 164 155 138 127 129 131 134 136 134 133 133 133 134 131 133 128 130 131 130 131 133 129 128 127 121 117 113 106 118 145
  127:   155 160 166 162 161 161 160 161 160 159 158 158 158 160 159 162 0 0 0 0 0 0 0 0 0 0 0 0 0 0 0 0 0 0 0 0 0 0 0 0 0 0 0 0 0 0 0 
  128:  0 0 0 0 0
  129:  92 92 92 92 92 89 86 105 134 152 164 169 167 170 169 164 151 131 105 80 80 94 101 101 99 103 102 106 105 104 109 111 114 118 11
  130:  9 119 120 126 125 125 126 124 131 124 140 131 117 115 122 126 123 123 124 122 131 140 139 142 144 154 157 153 159 166 175 184 1
  131:  86 186 187 187 196 126 121 122 134 134 132 132 131 131 135 131 131 130 132 130 130 133 132 129 130 129 121 113 114 108 113 137 
  132:  150 160 164 168 166 164 165 165 163 161 161 159 159 162 160 160 160 164 161 0 0 0 0 0 0 0 0 0 0 0 0 0 0 0 0 0 0 0 0 0 0 0 0 0 0
  133:   0 0 0 0 0 0 0
  134:  91 91 95 96 94 91 86 104 135 153 163 169 171 169 167 165 152 130 104 80 80 91 97 100 104 103 101 104 104 104 109 111 112 118 11
  135:  8 120 120 124 124 127 124 123 129 136 154 115 117 121 118 113 121 129 126 124 136 136 132 132 141 135 148 153 159 159 167 172 1
  136:  81 183 183 175 186 189 176 141 125 127 127 130 131 132 133 131 132 130 129 131 129 131 133 131 128 124 123 115 111 109 118 131 
  137:  150 157 163 169 167 167 166 168 169 163 161 160 161 157 160 161 160 163 161 161 196 217 223 0 0 0 0 0 0 0 0 0 0 0 0 0 0 0 0 0 0
  138:   0 0 0 0 0 0 0 0 0 0 0
  139:  95 95 94 96 96 94 88 100 130 152 164 170 168 169 169 168 152 132 104 81 81 90 98 100 106 102 105 104 104 105 107 109 115 117 12
  140:  0 119 123 124 123 124 128 129 130 130 131 115 113 112 111 118 124 123 130 130 134 139 134 135 140 139 141 158 157 165 172 173 1
  141:  72 187 182 181 179 186 194 201 125 121 122 131 131 132 134 136 129 135 131 129 132 131 131 131 126 124 122 116 115 112 117 130 
  142:  145 156 164 167 169 165 167 169 167 163 163 162 161 161 159 159 159 160 159 158 192 217 222 226 221 176 0 0 0 0 0 0 0 0 0 0 0 0
  143:   0 0 0 0 0 0 0 0 0 0 0 0 0 0
  144:  95 97 97 100 101 94 90 103 132 149 164 171 169 170 168 168 152 133 106 79 82 89 95 98 99 105 105 103 103 108 107 109 116 118 12
  145:  0 120 123 127 125 129 125 129 132 116 114 114 114 112 116 127 118 123 123 134 134 128 139 135 140 142 136 147 150 156 168 168 1
  146:  69 175 178 186 184 189 186 196 196 173 128 127 128 129 135 135 133 132 132 131 130 130 131 130 129 125 121 116 115 110 115 131 
  147:  144 155 163 167 167 169 165 166 169 168 163 164 165 159 161 161 159 159 157 159 164 206 220 225 223 184 109 109 116 0 0 0 0 0 0
  148:   0 0 0 0 0 0 0 0 0 0 0 0 0 0 0 0 0
  149:  99 99 101 102 98 99 97 102 128 151 164 171 171 170 169 167 151 135 108 82 81 89 94 98 100 103 104 103 104 102 106 111 113 117 1
  150:  25 119 121 122 127 126 130 132 114 110 109 111 118 119 123 122 125 123 130 129 128 136 134 140 142 134 141 143 142 151 161 166 
  151:  176 178 187 179 196 190 197 193 197 204 200 118 124 126 130 134 135 133 130 132 130 131 132 126 127 122 122 124 117 112 118 130
  152:   141 150 158 164 168 168 166 165 165 166 166 161 163 162 160 161 157 156 158 160 154 181 213 225 225 213 110 107 116 122 125 12
  153:  5 127 0 0 0 0 0 0 0 0 0 0 0 0 0 0 0 0 0 0 0
  154:  101 103 102 104 102 99 98 105 132 149 164 172 173 172 169 165 152 132 103 73 78 88 96 96 102 103 104 103 101 105 107 111 113 11
  155:  8 120 120 122 124 124 127 128 122 111 114 114 112 118 123 115 130 123 126 126 122 127 135 132 134 144 142 139 147 145 153 163 1
  156:  70 181 179 183 194 185 191 190 194 199 200 201 166 118 119 124 130 131 133 134 130 132 131 131 129 127 121 122 119 115 111 114 
  157:  128 140 148 157 162 166 166 167 165 165 165 165 163 160 160 160 160 158 157 157 158 157 158 202 222 226 225 151 108 113 121 124
  158:   125 125 126 126 125 0 0 0 0 0 0 0 0 0 0 0 0 0 0 0 0
  159:  103 106 105 103 104 101 98 104 131 150 164 173 172 174 171 164 152 129 101 74 76 86 90 95 99 103 102 107 104 105 110 109 114 11
  160:  7 121 124 123 125 122 140 120 120 116 113 119 116 116 119 126 123 121 125 120 122 126 122 130 133 137 138 138 142 135 154 156 1
  161:  62 173 182 182 183 188 196 188 199 194 197 200 204 190 132 118 130 132 131 131 130 132 133 129 131 126 123 118 119 118 113 115 
  162:  129 139 149 155 160 162 164 164 164 164 162 164 163 162 161 161 160 158 157 157 157 157 152 171 219 225 226 196 121 108 118 122
  163:   124 123 127 127 124 126 126 127 0 0 0 0 0 0 0 0 0 0 0 0 0
  164:  104 102 102 102 102 101 101 104 131 152 164 172 173 173 173 165 153 130 100 80 78 83 93 96 97 98 99 104 100 108 112 114 113 116
  165:   120 118 118 120 129 131 109 112 115 119 117 116 119 123 122 116 116 121 118 126 123 133 139 135 141 139 138 139 146 145 154 15
  166:  7 157 176 176 191 189 188 190 194 189 198 198 203 208 202 161 122 125 128 129 129 131 129 131 125 125 124 121 116 115 111 115 1
  167:  25 137 145 150 157 160 162 163 163 163 166 164 162 163 163 162 160 158 159 157 156 156 154 151 212 224 226 219 169 108 116 119 
  168:  124 123 125 126 126 124 128 129 129 131 130 122 0 0 0 0 0 0 0 0 0
  169:  104 104 103 104 104 99 101 110 133 151 161 171 172 172 172 169 158 132 103 76 78 79 92 99 101 102 103 98 103 103 106 111 114 11
*****

Comparing files arq08.res and ARQ08.OUT
FC: no differences encountered

Comparing files arq09.res and ARQ09.OUT
FC: no differences encountered

Comparing files arq10.res and ARQ10.OUT
FC: no differences encountered

Comparing files arq11.res and ARQ11.OUT
FC: no differences encountered

Comparing files arq12.res and ARQ12.OUT
FC: no differences encountered

Comparing files arq01.res and ARQ01.OUT
FC: no differences encountered

Comparing files arq02.res and ARQ02.OUT
***** arq02.res
  606:   255 255 255 255 255 255 255 254 255 188 0 107 116 114 114 117 70 66 8 96 116 116 90 48 253 255 255 255 255 255 255 255 255 255
  607:  0 0 0 0 0 0 0 0 0 0 0 0 255 255 255 255 255 221 37 105 115 115 115 115 115 115 115 115 115 117 71 5 56 50 165 172 171 172 172 1
***** ARQ02.OUT
  606:   255 255 255 255 255 255 255 254 255 188 0 107 116 114 114 117 70 66 8 96 116 116 90 48 253 255 255 255 255 255 255 255 255 255
  607:  
  608:  0 0 0 0 0 0 0 0 0 0 0 0 255 255 255 255 255 221 37 105 115 115 115 115 115 115 115 115 115 117 71 5 56 50 165 172 171 172 172 1
*****

***** arq02.res
  670:   26 35 34 36 51 59 64 61 68 72 92 99 106 106 105 105 105 105 105 105 105 105 105 105 105 105 105 105 104 106 104 98 75 64 64 47
  671:  0 0 0 0 0 0 0 0 0 0 0 0 0 255 254 255 255 207 155 98 58 56 54 52 48 51 52 47 47 48 48 51 53 48 48 47 54 54 54 60 55 83 132 203 
***** ARQ02.OUT
  671:   26 35 34 36 51 59 64 61 68 72 92 99 106 106 105 105 105 105 105 105 105 105 105 105 105 105 105 105 104 106 104 98 75 64 64 47
  672:  
  673:  0 0 0 0 0 0 0 0 0 0 0 0 0 255 254 255 255 207 155 98 58 56 54 52 48 51 52 47 47 48 48 51 53 48 48 47 54 54 54 60 55 83 132 203 
*****

Comparing files arq03.res and ARQ03.OUT
FC: no differences encountered

Comparing files arq04.res and ARQ04.OUT
***** arq04.res
  397:   0 0 0 0 0 0 0 0 0 0 0 0 0 0 0 0 0 0 0 0 0 0 1 4 1 52 116 45 84 112 171 84 7 1 0 0 0 0 0 0 0 0 0 0 0 0 0 0 0 0 1 4 10 255 0 186
  398:  224 0 255 60 3 1 48 136 34 212 0 9 45 85 0 255 33 3 1 0 0 0 1 4 2 5 5 2 7 0 255 0 0 255 98 169 195 215 208 188 168 125 84 255 0
***** ARQ04.OUT
  397:   0 0 0 0 0 0 0 0 0 0 0 0 0 0 0 0 0 0 0 0 0 0 1 4 1 52 116 45 84 112 171 84 7 1 0 0 0 0 0 0 0 0 0 0 0 0 0 0 0 0 1 4 10 255 0 186
  398:  
  399:  224 0 255 60 3 1 48 136 34 212 0 9 45 85 0 255 33 3 1 0 0 0 1 4 2 5 5 2 7 0 255 0 0 255 98 169 195 215 208 188 168 125 84 255 0
*****

Comparing files arq05.res and ARQ05.OUT
FC: no differences encountered

Comparing files arq06.res and ARQ06.OUT
***** arq06.res
   57:  0 20 0 17 16 16 0 5 0 0 32 0 0 42 0 0 0 1 22 0 0 16 12 0 15 0 0 255 153 21 57 255 255 0 0 0 0 13 49 99 15 9 5 0 0 102 22 0 0 48
   58:  167 4 103 41 39 74 0 0 16 92 27 37 33 0 0 8 54 85 0 0 0 127 41 4 30 70 0 0 0 46 0 31 0 24 5 7 0 0 0 0 0 16 20 0 29 9 0 0 255 15
***** ARQ06.OUT
   57:  0 20 0 17 16 16 0 5 0 0 32 0 0 42 0 0 0 1 22 0 0 16 12 0 15 0 0 255 153 21 57 255 255 0 0 0 0 13 49 99 15 9 5 0 0 102 22 0 0 48
   58:  
   59:  167 4 103 41 39 74 0 0 16 92 27 37 33 0 0 8 54 85 0 0 0 127 41 4 30 70 0 0 0 46 0 31 0 24 5 7 0 0 0 0 0 16 20 0 29 9 0 0 255 15
*****

Comparing files arq07.res and ARQ07.OUT
***** arq07.res
    8:  0 0 0 0 0 0 0 0 0 0 0 0 0 0 0 0 0 0 0 0 0 0 0 0 0 0 0 0 0 0
    9:  162 163 165 163 162 164 158 161 161 161 0 0 0 0 0 0 0 0 0 0 0 0 0 0 0 0 0 0 0 0 0 0 0 0 0 0 0 0 0 0 0 0 0 0 0 0 0 0 0 0 0 0 0 0
   10:   0 0 0 0 0 0 0 0 0 0 0 0 0 0 0 0 0 0 0 0 0 0 0 0 0 0 0 0 0 0 0 0 0 0 0 0 0 0 0 0 0 0 0 0 0 0 0 0 0 0 0 0 0 0 0 0 0 0 0 0 0 0 0 
   11:  0 0 0 0 0 0 0 0 0 0 0 0 0 0 0 0 0 0 0 0 0 0 0 0 0 0 0 0 0 0 0 0 0
   12:  162 162 162 161 160 162 159 162 160 161 165 169 174 179 0 0 0 0 0 0 0 0 0 0 0 0 0 0 0 0 0 0 0 0 0 0 0 0 0 0 0 0 0 0 0 0 0 0 0 0
   13:   0 0 0 0 0 0 0 0 0 0 0 0 0 0 0 0 0 0 0 0 0 0 0 0 0 0 0 0 0 0 0 0 0 0 0 0 0 0 0 0 0 0 0 0 0 0 0 0 0 0 0 0 0 0 0 0 0 0 0 0 0 0 0 
***** ARQ07.OUT
    8:  0 0 0 0 0 0 0 0 0 0 0 0 0 0 0 0 0 0 0 0 0 0 0 0 0 0 0 0 0 0
    9:  162 163 165 163 162 164 158 161 161 161 165 0 0 0 0 0 0 0 0 0 0 0 0 0 0 0 0 0 0 0 0 0 0 0 0 0 0 0 0 0 0 0 0 0 0 0 0 0 0 0 0 0 0
   10:   0 0 0 0 0 0 0 0 0 0 0 0 0 0 0 0 0 0 0 0 0 0 0 0 0 0 0 0 0 0 0 0 0 0 0 0 0 0 0 0 0 0 0 0 0 0 0 0 0 0 0 0 0 0 0 0 0 0 0 0 0 0 0 
   11:  0 0 0 0 0 0 0 0 0 0 0 0 0 0 0 0 0 0 0 0 0 0 0 0 0 0 0 0 0 0 0 0 0 0
   12:  162 162 162 161 160 162 159 162 160 161 162 169 174 179 0 0 0 0 0 0 0 0 0 0 0 0 0 0 0 0 0 0 0 0 0 0 0 0 0 0 0 0 0 0 0 0 0 0 0 0
   13:   0 0 0 0 0 0 0 0 0 0 0 0 0 0 0 0 0 0 0 0 0 0 0 0 0 0 0 0 0 0 0 0 0 0 0 0 0 0 0 0 0 0 0 0 0 0 0 0 0 0 0 0 0 0 0 0 0 0 0 0 0 0 0 
*****

***** arq07.res
   14:  0 0 0 0 0 0 0 0 0 0 0 0 0 0 0 0 0 0 0 0 0 0 0 0 0 0 0 0 0 0 0 0 0 0 0 0 0
   15:  164 162 162 162 162 161 162 160 157 159 162 169 174 179 177 173 158 0 0 0 0 0 0 0 0 0 0 0 0 0 0 0 0 0 0 0 0 0 0 0 0 0 0 0 0 0 0
   16:   0 0 0 0 0 0 0 0 0 0 0 0 0 0 0 0 0 0 0 0 0 0 0 0 0 0 0 0 0 0 0 0 0 0 0 0 0 0 0 0 0 0 0 0 0 0 0 0 0 0 0 0 0 0 0 0 0 0 0 0 0 0 0 
***** ARQ07.OUT
   14:  0 0 0 0 0 0 0 0 0 0 0 0 0 0 0 0 0 0 0 0 0 0 0 0 0 0 0 0 0 0 0 0 0 0 0 0 0
   15:  164 162 162 162 162 161 162 160 157 159 163 169 174 179 177 173 158 0 0 0 0 0 0 0 0 0 0 0 0 0 0 0 0 0 0 0 0 0 0 0 0 0 0 0 0 0 0
   16:   0 0 0 0 0 0 0 0 0 0 0 0 0 0 0 0 0 0 0 0 0 0 0 0 0 0 0 0 0 0 0 0 0 0 0 0 0 0 0 0 0 0 0 0 0 0 0 0 0 0 0 0 0 0 0 0 0 0 0 0 0 0 0 
*****

***** arq07.res
   17:  0 0 0 0 0 0 0 0 0 0 0 0 0 0 0 0 0 0 0 0 0 0 0 0 0 0 0 0 0 0 0 0 0 0 0 0 0 0 0 0
   18:  161 164 163 162 160 161 160 159 161 160 163 172 177 178 178 173 158 145 114 96 0 0 0 0 0 0 0 0 0 0 0 0 0 0 0 0 0 0 0 0 0 0 0 0 
   19:  0 0 0 0 0 0 0 0 0 0 0 0 0 0 0 0 0 0 0 0 0 0 0 0 0 0 0 0 0 0 0 0 0 0 0 0 0 0 0 0 0 0 0 0 0 0 0 0 0 0 0 0 0 0 0 0 0 0 0 0 0 0 0 0
   20:   0 0 0 0 0 0 0 0 0 0 0 0 0 0 0 0 0 0 0 0 0 0 0 0 0 0 0 0 0 0 0 0 0 0 0 0 0 0 0 0 0 0
   21:  162 160 162 163 164 164 162 159 159 166 166 173 175 176 177 170 156 140 113 97 99 106 109 112 0 0 0 0 0 0 0 0 0 0 0 0 0 0 0 0 0
   22:   0 0 0 0 0 0 0 0 0 0 0 0 0 0 0 0 0 0 0 0 0 0 0 0 0 0 0 0 0 0 0 0 0 0 0 0 0 0 0 0 0 0 0 0 0 0 0 0 0 0 0 0 0 0 0 0 0 0 0 0 0 0 0 
***** ARQ07.OUT
   17:  0 0 0 0 0 0 0 0 0 0 0 0 0 0 0 0 0 0 0 0 0 0 0 0 0 0 0 0 0 0 0 0 0 0 0 0 0 0 0 0
   18:  161 164 163 162 160 161 160 159 161 160 166 172 177 178 178 173 158 145 114 96 99 0 0 0 0 0 0 0 0 0 0 0 0 0 0 0 0 0 0 0 0 0 0 0
   19:   0 0 0 0 0 0 0 0 0 0 0 0 0 0 0 0 0 0 0 0 0 0 0 0 0 0 0 0 0 0 0 0 0 0 0 0 0 0 0 0 0 0 0 0 0 0 0 0 0 0 0 0 0 0 0 0 0 0 0 0 0 0 0 
   20:  0 0 0 0 0 0 0 0 0 0 0 0 0 0 0 0 0 0 0 0 0 0 0 0 0 0 0 0 0 0 0 0 0 0 0 0 0 0 0 0 0 0 0
   21:  162 160 162 163 164 164 162 159 159 166 172 173 175 176 177 170 156 140 113 97 97 106 109 112 0 0 0 0 0 0 0 0 0 0 0 0 0 0 0 0 0
   22:   0 0 0 0 0 0 0 0 0 0 0 0 0 0 0 0 0 0 0 0 0 0 0 0 0 0 0 0 0 0 0 0 0 0 0 0 0 0 0 0 0 0 0 0 0 0 0 0 0 0 0 0 0 0 0 0 0 0 0 0 0 0 0 
*****

***** arq07.res
   23:  0 0 0 0 0 0 0 0 0 0 0 0 0 0 0 0 0 0 0 0 0 0 0 0 0 0 0 0 0 0 0 0 0 0 0 0 0 0 0 0 0 0 0 0 0 0
   24:  160 161 165 164 164 163 163 160 163 169 172 174 175 173 174 170 151 135 114 93 97 105 109 111 110 113 111 0 0 0 0 0 0 0 0 0 0 0
   25:   0 0 0 0 0 0 0 0 0 0 0 0 0 0 0 0 0 0 0 0 0 0 0 0 0 0 0 0 0 0 0 0 0 0 0 0 0 0 0 0 0 0 0 0 0 0 0 0 0 0 0 0 0 0 0 0 0 0 0 0 0 0 0 
***** ARQ07.OUT
   23:  0 0 0 0 0 0 0 0 0 0 0 0 0 0 0 0 0 0 0 0 0 0 0 0 0 0 0 0 0 0 0 0 0 0 0 0 0 0 0 0 0 0 0 0 0 0
   24:  160 161 165 164 164 163 163 160 163 169 171 174 175 173 174 170 151 135 114 93 94 105 109 111 110 113 111 0 0 0 0 0 0 0 0 0 0 0
   25:   0 0 0 0 0 0 0 0 0 0 0 0 0 0 0 0 0 0 0 0 0 0 0 0 0 0 0 0 0 0 0 0 0 0 0 0 0 0 0 0 0 0 0 0 0 0 0 0 0 0 0 0 0 0 0 0 0 0 0 0 0 0 0 
*****

***** arq07.res
   26:  0 0 0 0 0 0 0 0 0 0 0 0 0 0 0 0 0 0 0 0 0 0 0 0 0 0 0 0 0 0 0 0 0 0 0 0 0 0 0 0 0 0 0 0 0 0 0 0 0
   27:  164 164 163 165 163 163 163 159 163 171 171 173 171 169 170 164 152 135 109 92 94 101 106 109 109 111 110 113 113 108 0 0 0 0 0
   28:   0 0 0 0 0 0 0 0 0 0 0 0 0 0 0 0 0 0 0 0 0 0 0 0 0 0 0 0 0 0 0 0 0 0 0 0 0 0 0 0 0 0 0 0 0 0 0 0 0 0 0 0 0 0 0 0 0 0 0 0 0 0 0 
   29:  0 0 0 0 0 0 0 0 0 0 0 0 0 0 0 0 0 0 0 0 0 0 0 0 0 0 0 0 0 0 0 0 0 0 0 0 0 0 0 0 0 0 0 0 0 0 0 0 0 0 0 0
   30:  162 164 164 165 163 165 165 163 169 172 173 169 170 168 172 162 152 132 113 94 94 100 103 107 107 111 109 111 111 109 111 119 1
   31:  24 124 0 0 0 0 0 0 0 0 0 0 0 0 0 0 0 0 0 0 0 0 0 0 0 0 0 0 0 0 0 0 0 0 0 0 0 0 0 0 0 0 0 0 0 0 0 0 0 0 0 0 0 0 0 0 0 0 0 0 0 0 
***** ARQ07.OUT
   26:  0 0 0 0 0 0 0 0 0 0 0 0 0 0 0 0 0 0 0 0 0 0 0 0 0 0 0 0 0 0 0 0 0 0 0 0 0 0 0 0 0 0 0 0 0 0 0 0 0
   27:  164 164 163 165 163 163 163 159 163 171 173 173 171 169 170 164 152 135 109 92 94 101 106 109 109 111 110 113 113 108 111 0 0 0
   28:   0 0 0 0 0 0 0 0 0 0 0 0 0 0 0 0 0 0 0 0 0 0 0 0 0 0 0 0 0 0 0 0 0 0 0 0 0 0 0 0 0 0 0 0 0 0 0 0 0 0 0 0 0 0 0 0 0 0 0 0 0 0 0 
   29:  0 0 0 0 0 0 0 0 0 0 0 0 0 0 0 0 0 0 0 0 0 0 0 0 0 0 0 0 0 0 0 0 0 0 0 0 0 0 0 0 0 0 0 0 0 0 0 0 0 0 0 0 0
   30:  162 164 164 165 163 165 165 163 169 172 172 169 170 168 172 162 152 132 113 94 94 100 103 107 107 111 109 111 111 109 112 119 1
   31:  24 124 0 0 0 0 0 0 0 0 0 0 0 0 0 0 0 0 0 0 0 0 0 0 0 0 0 0 0 0 0 0 0 0 0 0 0 0 0 0 0 0 0 0 0 0 0 0 0 0 0 0 0 0 0 0 0 0 0 0 0 0 
*****

***** arq07.res
   32:  0 0 0 0 0 0 0 0 0 0 0 0 0 0 0 0 0 0 0 0 0 0 0 0 0 0 0 0 0 0 0 0 0 0 0 0 0 0 0 0 0 0 0 0 0 0 0 0 0 0 0 0 0 0 0 0
   33:  165 163 165 168 166 167 168 167 173 175 172 171 167 164 166 163 153 138 114 92 94 100 105 109 110 109 110 109 108 108 112 117 1
   34:  23 124 128 132 129 0 0 0 0 0 0 0 0 0 0 0 0 0 0 0 0 0 0 0 0 0 0 0 0 0 0 0 0 0 0 0 0 0 0 0 0 0 0 0 0 0 0 0 0 0 0 0 0 0 0 0 0 0 0 
***** ARQ07.OUT
   32:  0 0 0 0 0 0 0 0 0 0 0 0 0 0 0 0 0 0 0 0 0 0 0 0 0 0 0 0 0 0 0 0 0 0 0 0 0 0 0 0 0 0 0 0 0 0 0 0 0 0 0 0 0 0 0 0
   33:  165 163 165 168 166 167 168 167 173 175 172 171 167 164 166 163 153 138 114 92 95 100 105 109 110 109 110 109 108 108 113 117 1
   34:  23 124 128 132 129 0 0 0 0 0 0 0 0 0 0 0 0 0 0 0 0 0 0 0 0 0 0 0 0 0 0 0 0 0 0 0 0 0 0 0 0 0 0 0 0 0 0 0 0 0 0 0 0 0 0 0 0 0 0 
*****

***** arq07.res
   35:  0 0 0 0 0 0 0 0 0 0 0 0 0 0 0 0 0 0 0 0 0 0 0 0 0 0 0 0 0 0 0 0 0 0 0 0 0 0 0 0 0 0 0 0 0 0 0 0 0 0 0 0 0 0 0 0 0 0 0
   36:  167 166 166 166 167 169 171 173 174 174 172 168 165 163 166 165 153 138 115 94 95 100 105 106 110 110 109 106 107 107 113 115 1
   37:  20 125 128 130 129 136 137 134 0 0 0 0 0 0 0 0 0 0 0 0 0 0 0 0 0 0 0 0 0 0 0 0 0 0 0 0 0 0 0 0 0 0 0 0 0 0 0 0 0 0 0 0 0 0 0 0 
   38:  0 0 0 0 0 0 0 0 0 0 0 0 0 0 0 0 0 0 0 0 0 0 0 0 0 0 0 0 0 0 0 0 0 0 0 0 0 0 0 0 0 0 0 0 0 0 0 0 0 0 0 0 0 0 0 0 0 0 0 0 0 0
   39:  166 167 165 167 168 172 174 174 173 172 173 167 165 163 167 165 154 135 110 92 95 101 107 112 110 109 109 106 109 105 114 115 1
   40:  21 124 126 130 129 134 136 133 139 135 135 136 0 0 0 0 0 0 0 0 0 0 0 0 0 0 0 0 0 0 0 0 0 0 0 0 0 0 0 0 0 0 0 0 0 0 0 0 0 0 0 0 
   41:  0 0 0 0 0 0 0 0 0 0 0 0 0 0 0 0 0 0 0 0 0 0 0 0 0 0 0 0 0 0 0 0 0 0 0 0 0 0 0 0 0 0 0 0 0 0 0 0 0 0 0 0 0 0 0 0 0 0 0 0 0 0 0 0
***** ARQ07.OUT
   35:  0 0 0 0 0 0 0 0 0 0 0 0 0 0 0 0 0 0 0 0 0 0 0 0 0 0 0 0 0 0 0 0 0 0 0 0 0 0 0 0 0 0 0 0 0 0 0 0 0 0 0 0 0 0 0 0 0 0 0
   36:  167 166 166 166 167 169 171 173 174 174 173 168 165 163 166 165 153 138 115 94 95 100 105 106 110 110 109 106 107 107 114 115 1
   37:  20 125 128 130 129 136 137 134 139 0 0 0 0 0 0 0 0 0 0 0 0 0 0 0 0 0 0 0 0 0 0 0 0 0 0 0 0 0 0 0 0 0 0 0 0 0 0 0 0 0 0 0 0 0 0 
   38:  0 0 0 0 0 0 0 0 0 0 0 0 0 0 0 0 0 0 0 0 0 0 0 0 0 0 0 0 0 0 0 0 0 0 0 0 0 0 0 0 0 0 0 0 0 0 0 0 0 0 0 0 0 0 0 0 0 0 0 0 0 0 0
   39:  166 167 165 167 168 172 174 174 173 172 171 167 165 163 167 165 154 135 110 92 91 101 107 112 110 109 109 106 109 105 111 115 1
   40:  21 124 126 130 129 134 136 133 136 135 135 136 0 0 0 0 0 0 0 0 0 0 0 0 0 0 0 0 0 0 0 0 0 0 0 0 0 0 0 0 0 0 0 0 0 0 0 0 0 0 0 0 
   41:  0 0 0 0 0 0 0 0 0 0 0 0 0 0 0 0 0 0 0 0 0 0 0 0 0 0 0 0 0 0 0 0 0 0 0 0 0 0 0 0 0 0 0 0 0 0 0 0 0 0 0 0 0 0 0 0 0 0 0 0 0 0 0 0
*****

***** arq07.res
   42:   0 0
   43:  168 168 165 167 172 174 170 171 171 169 171 165 165 164 167 168 156 135 110 91 91 97 104 109 107 108 108 109 106 106 111 116 12
   44:  0 122 128 127 130 131 133 135 136 137 134 135 135 134 139 0 0 0 0 0 0 0 0 0 0 0 0 0 0 0 0 0 0 0 0 0 0 0 0 0 0 0 0 0 0 0 0 0 0 0
   45:   0 0 0 0 0 0 0 0 0 0 0 0 0 0 0 0 0 0 0 0 0 0 0 0 0 0 0 0 0 0 0 0 0 0 0 0 0 0 0 0 0 0 0 0 0 0 0 0 0 0 0 0 0 0 0 0 0 0 0 0 0 0 0 
***** ARQ07.OUT
   42:   0 0
   43:  168 168 165 167 172 174 170 171 171 169 168 165 165 164 167 168 156 135 110 91 90 97 104 109 107 108 108 109 106 106 113 116 12
   44:  0 122 128 127 130 131 133 135 134 137 134 135 135 134 139 0 0 0 0 0 0 0 0 0 0 0 0 0 0 0 0 0 0 0 0 0 0 0 0 0 0 0 0 0 0 0 0 0 0 0
   45:   0 0 0 0 0 0 0 0 0 0 0 0 0 0 0 0 0 0 0 0 0 0 0 0 0 0 0 0 0 0 0 0 0 0 0 0 0 0 0 0 0 0 0 0 0 0 0 0 0 0 0 0 0 0 0 0 0 0 0 0 0 0 0 
*****

***** arq07.res
   46:  0 0 0 0 0
   47:  168 166 164 172 175 171 163 167 164 165 168 166 163 167 166 166 152 136 109 93 90 102 105 106 109 107 110 105 108 107 113 118 1
   48:  20 124 128 131 129 132 131 134 134 134 135 134 135 135 139 136 138 138 0 0 0 0 0 0 0 0 0 0 0 0 0 0 0 0 0 0 0 0 0 0 0 0 0 0 0 0 
   49:  0 0 0 0 0 0 0 0 0 0 0 0 0 0 0 0 0 0 0 0 0 0 0 0 0 0 0 0 0 0 0 0 0 0 0 0 0 0 0 0 0 0 0 0 0 0 0 0 0 0 0 0 0 0 0 0 0 0 0 0 0 0 0 0
   50:   0 0 0 0 0 0 0 0
   51:  166 166 167 175 176 169 159 160 158 160 164 167 163 166 167 164 152 134 108 89 95 99 103 108 109 108 108 106 105 108 111 116 11
   52:  9 123 124 129 126 133 132 132 134 134 137 136 134 134 136 138 139 138 138 138 138 136 0 0 0 0 0 0 0 0 0 0 0 0 0 0 0 0 0 0 0 0 0
   53:   0 0 0 0 0 0 0 0 0 0 0 0 0 0 0 0 0 0 0 0 0 0 0 0 0 0 0 0 0 0 0 0 0 0 0 0 0 0 0 0 0 0 0 0 0 0 0 0 0 0 0 0 0 0 0 0 0 0 0 0 0 0 0 
***** ARQ07.OUT
   46:  0 0 0 0 0
   47:  168 166 164 172 175 171 163 167 164 165 164 166 163 167 166 166 152 136 109 93 95 102 105 106 109 107 110 105 108 107 111 118 1
   48:  20 124 128 131 129 132 131 134 134 134 135 134 135 135 139 136 138 138 138 0 0 0 0 0 0 0 0 0 0 0 0 0 0 0 0 0 0 0 0 0 0 0 0 0 0 
   49:  0 0 0 0 0 0 0 0 0 0 0 0 0 0 0 0 0 0 0 0 0 0 0 0 0 0 0 0 0 0 0 0 0 0 0 0 0 0 0 0 0 0 0 0 0 0 0 0 0 0 0 0 0 0 0 0 0 0 0 0 0 0 0 0
   50:   0 0 0 0 0 0 0 0 0
   51:  166 166 167 175 176 169 159 160 158 160 163 167 163 166 167 164 152 134 108 89 93 99 103 108 109 108 108 106 105 108 113 116 11
   52:  9 123 124 129 126 133 132 132 133 134 137 136 134 134 136 138 139 138 139 138 138 136 0 0 0 0 0 0 0 0 0 0 0 0 0 0 0 0 0 0 0 0 0
   53:   0 0 0 0 0 0 0 0 0 0 0 0 0 0 0 0 0 0 0 0 0 0 0 0 0 0 0 0 0 0 0 0 0 0 0 0 0 0 0 0 0 0 0 0 0 0 0 0 0 0 0 0 0 0 0 0 0 0 0 0 0 0 0 
*****

***** arq07.res
   54:  0 0 0 0 0 0 0 0 0 0 0 0
   55:  165 167 173 176 174 162 152 152 151 153 163 168 167 166 166 166 150 135 106 86 93 102 104 108 110 110 108 108 108 108 113 114 1
   56:  18 125 123 129 129 134 133 134 133 136 135 135 135 134 137 136 138 138 139 139 139 135 139 137 140 0 0 0 0 0 0 0 0 0 0 0 0 0 0 
***** ARQ07.OUT
   54:  0 0 0 0 0 0 0 0 0 0 0 0
   55:  165 167 173 176 174 162 152 152 151 153 165 168 167 166 166 166 150 135 106 86 89 102 104 108 110 110 108 108 108 108 112 114 1
   56:  18 125 123 129 129 134 133 134 133 136 135 135 135 134 137 136 138 138 139 139 139 135 139 137 140 0 0 0 0 0 0 0 0 0 0 0 0 0 0 
*****

***** arq07.res
   58:   0 0 0 0 0 0 0 0 0 0 0 0 0 0 0
   59:  167 172 178 172 168 158 143 143 145 150 165 168 166 165 168 165 155 135 105 87 89 99 105 107 107 108 107 104 108 109 112 113 11
   60:  9 124 125 127 130 129 133 134 133 137 136 137 135 133 136 135 138 136 139 136 138 138 138 136 139 140 140 139 0 0 0 0 0 0 0 0 0
   61:   0 0 0 0 0 0 0 0 0 0 0 0 0 0 0 0 0 0 0 0 0 0 0 0 0 0 0 0 0 0 0 0 0 0 0 0 0 0 0 0 0 0 0 0 0 0 0 0 0 0 0 0 0 0 0 0 0 0 0 0 0 0 0 
   62:  0 0 0 0 0 0 0 0 0 0 0 0 0 0 0 0 0 0
   63:  170 176 176 166 162 148 126 130 136 152 165 169 167 167 170 164 154 135 105 87 91 98 105 106 108 106 105 107 104 107 110 114 11
   64:  8 122 126 126 129 132 134 131 134 135 135 135 138 134 136 136 135 135 138 138 137 135 138 137 138 139 138 139 138 141 137 134 0
***** ARQ07.OUT
   58:   0 0 0 0 0 0 0 0 0 0 0 0 0 0 0
   59:  167 172 178 172 168 158 143 143 145 150 165 168 166 165 168 165 155 135 105 87 91 99 105 107 107 108 107 104 108 109 110 113 11
   60:  9 124 125 127 130 129 133 134 134 137 136 137 135 133 136 135 138 136 138 136 138 138 138 136 139 140 140 139 138 0 0 0 0 0 0 0
   61:   0 0 0 0 0 0 0 0 0 0 0 0 0 0 0 0 0 0 0 0 0 0 0 0 0 0 0 0 0 0 0 0 0 0 0 0 0 0 0 0 0 0 0 0 0 0 0 0 0 0 0 0 0 0 0 0 0 0 0 0 0 0 0 
   62:  0 0 0 0 0 0 0 0 0 0 0 0 0 0 0 0 0 0 0
   63:  170 176 176 166 162 148 126 130 136 152 166 169 167 167 170 164 154 135 105 87 91 98 105 106 108 106 105 107 104 107 111 114 11
   64:  8 122 126 126 129 132 134 131 134 135 135 135 138 134 136 136 135 135 138 138 137 135 138 137 138 139 138 139 138 141 137 134 0
*****

***** arq07.res
   66:  0 0 0 0 0 0 0 0 0 0 0 0 0 0 0 0 0 0 0 0 0 0
   67:  176 182 172 161 154 133 105 118 138 158 166 170 169 170 171 166 153 137 108 90 91 98 104 107 109 108 110 107 107 103 111 115 11
   68:  8 120 127 129 128 132 131 130 134 134 133 134 134 135 135 136 137 135 138 137 135 137 137 136 136 135 137 137 138 140 136 133 1
   69:  36 135 139 0 0 0 0 0 0 0 0 0 0 0 0 0 0 0 0 0 0 0 0 0 0 0 0 0 0 0 0 0 0 0 0 0 0 0 0 0 0 0 0 0 0 0 0 0 0 0 0 0 0 0 0 0 0 0 0 0 0 
***** ARQ07.OUT
   66:  0 0 0 0 0 0 0 0 0 0 0 0 0 0 0 0 0 0 0 0 0 0
   67:  176 182 172 161 154 133 105 118 138 158 167 170 169 170 171 166 153 137 108 90 90 98 104 107 109 108 110 107 107 103 109 115 11
   68:  8 120 127 129 128 132 131 130 132 134 133 134 134 135 135 136 137 135 138 137 135 137 137 136 136 135 137 137 133 140 136 133 1
   69:  36 135 139 0 0 0 0 0 0 0 0 0 0 0 0 0 0 0 0 0 0 0 0 0 0 0 0 0 0 0 0 0 0 0 0 0 0 0 0 0 0 0 0 0 0 0 0 0 0 0 0 0 0 0 0 0 0 0 0 0 0 
*****

Resync Failed.  Files are too different.
***** arq07.res
   70:  0 0 0 0 0 0 0 0 0 0 0 0 0 0 0 0 0 0 0 0 0 0 0 0 0
   71:  177 177 166 154 148 117 85 108 137 158 167 172 172 169 172 167 156 136 107 87 90 97 101 106 108 110 107 105 104 109 109 115 120
   72:   121 125 126 129 130 131 130 132 132 131 134 134 134 134 135 137 135 138 137 138 136 138 138 134 134 136 136 133 135 136 135 13
   73:  6 135 136 137 137 135 0 0 0 0 0 0 0 0 0 0 0 0 0 0 0 0 0 0 0 0 0 0 0 0 0 0 0 0 0 0 0 0 0 0 0 0 0 0 0 0 0 0 0 0 0 0 0 0 0 0 0 0 0
   74:   0 0 0 0 0 0 0 0 0 0 0 0 0 0 0 0 0 0 0 0 0 0 0 0 0 0 0
   75:  178 173 162 143 131 91 79 105 138 158 169 173 171 170 169 165 156 136 103 83 88 96 103 108 107 109 105 107 106 107 109 115 118 
   76:  124 125 123 123 127 131 134 133 133 131 132 134 135 135 134 134 131 136 136 134 135 136 136 137 137 138 137 137 137 135 135 132
   77:   134 138 134 136 134 139 138 141 138 0 0 0 0 0 0 0 0 0 0 0 0 0 0 0 0 0 0 0 0 0 0 0 0 0 0 0 0 0 0 0 0 0 0 0 0 0 0 0 0 0 0 0 0 0 
   78:  0 0 0 0 0 0 0 0 0 0 0 0 0 0 0 0 0 0 0 0 0 0 0 0 0 0 0 0 0 0 0
   79:  174 167 153 128 115 82 81 104 136 153 170 172 172 170 171 167 157 137 105 83 87 93 101 102 107 109 109 108 106 107 112 114 120 
   80:  124 124 122 128 130 129 131 131 135 131 130 134 134 134 135 135 134 137 137 135 133 133 136 136 134 141 136 135 137 136 136 134
   81:   133 135 137 131 134 137 137 139 136 137 143 135 0 0 0 0 0 0 0 0 0 0 0 0 0 0 0 0 0 0 0 0 0 0 0 0 0 0 0 0 0 0 0 0 0 0 0 0 0 0 0 
   82:  0 0 0 0 0 0 0 0 0 0 0 0 0 0 0 0 0 0 0 0 0 0 0 0 0 0 0 0 0 0 0 0 0 0
   83:  168 157 141 109 92 85 83 108 136 156 170 174 169 170 169 167 153 136 107 81 84 98 100 101 105 103 107 106 109 111 113 118 116 1
   84:  22 124 125 128 128 127 128 129 132 130 126 129 132 135 135 135 136 133 136 136 133 134 137 140 136 137 132 136 135 136 140 136 
   85:  135 136 136 133 136 136 135 136 135 136 141 135 137 136 134 0 0 0 0 0 0 0 0 0 0 0 0 0 0 0 0 0 0 0 0 0 0 0 0 0 0 0 0 0 0 0 0 0 0
   86:   0 0 0 0 0 0 0 0 0 0 0 0 0 0 0 0 0 0 0 0 0 0 0 0 0 0 0 0 0 0 0 0 0 0 0 0
   87:  165 150 121 88 82 87 86 110 136 155 169 174 173 170 171 164 149 136 106 80 83 90 94 98 104 106 103 105 109 109 111 117 120 124 
   88:  125 126 130 128 129 131 130 132 129 129 131 133 133 133 133 133 136 133 135 135 133 135 139 137 134 133 137 134 134 134 135 134
   89:   137 136 133 136 137 139 136 134 136 137 136 135 134 135 137 137 133 134 0 0 0 0 0 0 0 0 0 0 0 0 0 0 0 0 0 0 0 0 0 0 0 0 0 0 0 
   90:  0 0 0 0 0 0 0 0 0 0 0 0 0 0 0 0 0 0 0 0 0 0 0 0 0 0 0 0 0 0 0 0 0 0 0 0 0 0 0
   91:  154 134 96 86 86 88 87 110 137 156 170 173 174 170 168 165 151 135 104 77 79 87 95 96 100 99 102 103 104 110 111 118 119 123 12
   92:  8 123 128 130 128 132 131 130 130 132 133 134 134 134 135 128 132 134 135 135 133 136 137 140 134 129 132 130 131 131 135 135 1
   93:  35 137 132 135 136 138 139 134 135 134 134 134 132 134 136 136 130 134 134 134 133 0 0 0 0 0 0 0 0 0 0 0 0 0 0 0 0 0 0 0 0 0 0 
   94:  0 0 0 0 0 0 0 0 0 0 0 0 0 0 0 0 0 0 0 0 0 0 0 0 0 0 0 0 0 0 0 0 0 0 0 0 0 0 0 0 0
   95:  141 111 87 90 91 92 90 109 137 156 168 173 173 173 168 165 154 135 102 78 80 91 94 100 99 101 104 104 105 107 110 116 117 122 1
   96:  24 127 129 131 131 129 131 131 130 133 133 132 133 132 132 129 134 133 135 134 134 133 136 137 132 135 130 126 127 126 131 132 
   97:  131 134 132 133 138 140 141 137 136 135 136 136 135 133 133 132 130 131 133 135 132 130 134 127 0 0 0 0 0 0 0 0 0 0 0 0 0 0 0 0
   98:   0 0 0 0 0 0 0 0 0 0 0 0 0 0 0 0 0 0 0 0 0 0 0 0 0 0 0 0 0 0 0 0 0 0 0 0 0 0 0 0 0 0 0 0
   99:  124 92 88 96 91 90 88 108 136 155 167 174 174 172 169 164 153 133 100 78 78 90 97 101 105 104 104 103 105 109 109 113 118 121 1
  100:  23 125 125 130 128 130 129 130 133 132 132 136 132 133 129 132 132 134 133 134 134 131 136 135 132 131 128 127 125 129 134 131 
  101:  129 131 132 131 137 137 140 136 137 137 135 134 135 134 134 134 132 132 133 133 132 131 132 126 125 122 115 106 0 0 0 0 0 0 0 0
  102:   0 0 0 0 0 0 0 0 0 0 0 0 0 0 0 0 0 0 0 0 0 0 0 0 0 0 0 0 0 0 0 0 0 0 0 0 0 0 0 0 0 0 0 0 0 0 0 0
  103:  101 86 90 94 92 91 89 109 135 153 169 174 174 171 170 163 149 133 102 79 81 88 98 104 102 109 104 103 106 106 107 108 115 118 1
  104:  19 124 125 126 126 126 129 133 132 132 133 135 134 131 133 133 136 134 137 134 134 133 134 132 132 131 128 129 126 127 127 131 
  105:  128 129 128 132 133 133 137 137 134 135 134 139 133 130 133 131 133 133 131 133 132 128 129 130 126 120 116 107 119 137 148 0 0
  106:   0 0 0 0 0 0 0 0 0 0 0 0 0 0 0 0 0 0 0 0 0 0 0 0 0 0 0 0 0 0 0 0 0 0 0 0 0 0 0 0 0 0 0 0 0 0 0 0 0 0 0
  107:  90 90 92 93 95 91 89 106 135 155 166 172 172 171 172 163 150 130 103 79 80 91 95 102 99 101 104 100 103 101 109 112 115 120 120
  108:   122 119 124 125 127 127 131 132 130 132 133 131 135 133 133 132 136 134 133 131 133 135 131 132 131 128 129 124 127 129 130 13
  109:  3 131 129 130 133 135 132 134 136 136 136 136 135 133 136 136 132 132 133 134 133 132 133 128 124 120 115 110 117 135 147 159 1
  110:  63 167 0 0 0 0 0 0 0 0 0 0 0 0 0 0 0 0 0 0 0 0 0 0 0 0 0 0 0 0 0 0 0 0 0 0 0 0 0 0 0 0 0 0 0 0 0 0 0 0 0 0
  111:  90 93 96 95 92 92 89 105 136 151 165 171 175 170 170 163 150 131 105 81 82 92 98 99 101 101 105 103 104 105 107 112 113 116 114
  112:   120 122 127 127 130 128 129 131 130 132 132 129 130 129 130 132 132 132 131 134 128 133 134 130 128 134 130 129 127 125 128 12
  113:  2 125 125 125 129 134 133 133 135 136 139 133 132 130 135 131 131 130 133 136 134 136 133 129 123 121 116 114 109 125 141 156 1
  114:  63 166 161 156 158 160 0 0 0 0 0 0 0 0 0 0 0 0 0 0 0 0 0 0 0 0 0 0 0 0 0 0 0 0 0 0 0 0 0 0 0 0 0 0 0 0 0 0 0 0 0 0
  115:  89 94 95 95 96 94 92 105 131 151 165 171 172 172 171 164 150 130 105 78 85 94 95 98 106 103 102 103 106 104 108 110 113 115 121
  116:   119 120 122 123 123 127 129 130 128 128 128 152 128 150 149 132 138 141 132 130 139 147 140 146 148 131 141 137 136 126 121 12
  117:  2 123 122 125 127 133 133 136 133 137 135 135 132 131 133 131 132 130 132 132 133 130 134 129 127 122 117 119 109 114 135 153 1
  118:  59 165 161 158 157 157 162 162 160 0 0 0 0 0 0 0 0 0 0 0 0 0 0 0 0 0 0 0 0 0 0 0 0 0 0 0 0 0 0 0 0 0 0 0 0 0 0 0 0 0 0 0
  119:  95 93 95 93 96 93 92 106 135 151 165 170 171 171 170 164 150 128 101 80 82 93 96 99 102 103 105 105 103 106 108 112 114 118 122
  120:   118 119 123 123 125 128 128 129 130 125 134 156 132 133 138 156 147 131 123 137 156 147 153 157 143 155 151 158 172 155 167 17
  121:  1 121 120 120 128 129 133 132 134 137 137 133 131 130 134 133 131 132 132 132 131 131 133 130 128 122 120 115 111 109 123 147 1
  122:  57 163 163 160 159 160 161 160 162 160 159 159 0 0 0 0 0 0 0 0 0 0 0 0 0 0 0 0 0 0 0 0 0 0 0 0 0 0 0 0 0 0 0 0 0 0 0 0 0 0 0 0
  123:  96 93 93 91 97 90 89 110 135 151 165 170 172 172 171 165 151 133 110 77 83 92 100 103 101 107 106 108 104 105 108 112 115 117 1
  124:  19 119 124 125 121 122 124 128 129 126 129 137 117 104 127 128 131 128 127 126 133 140 142 151 151 148 150 156 174 175 169 183 
  125:  183 163 164 155 123 127 129 131 134 136 134 133 133 133 134 131 133 128 130 131 130 131 133 129 127 127 121 117 113 106 118 145
  126:   155 160 166 162 161 161 160 161 160 159 158 158 157 160 159 162 0 0 0 0 0 0 0 0 0 0 0 0 0 0 0 0 0 0 0 0 0 0 0 0 0 0 0 0 0 0 0 
  127:  0 0 0 0 0
  128:  92 92 92 92 92 89 86 105 134 152 164 169 167 170 169 164 151 131 105 80 85 94 101 101 99 103 102 106 105 104 108 111 114 118 11
  129:  9 119 120 126 125 125 127 124 131 124 140 131 117 115 122 126 126 123 124 122 131 140 139 142 144 154 156 153 159 166 175 184 1
  130:  86 186 187 187 138 126 121 122 134 134 132 132 131 131 134 131 131 130 132 130 130 133 132 129 128 129 121 113 114 108 113 137 
  131:  150 160 166 168 166 164 165 165 163 161 161 159 158 162 160 160 160 164 161 0 0 0 0 0 0 0 0 0 0 0 0 0 0 0 0 0 0 0 0 0 0 0 0 0 0
  132:   0 0 0 0 0 0 0
  133:  91 91 95 96 94 91 86 104 135 153 164 169 171 169 167 165 152 130 104 80 80 91 97 100 104 103 101 104 104 104 109 111 112 118 11
  134:  8 120 120 124 124 127 126 123 129 136 154 115 117 121 118 113 123 129 126 124 136 136 132 132 141 135 157 153 159 159 167 172 1
  135:  81 183 183 175 196 189 176 141 125 127 127 130 131 132 135 131 132 130 129 131 129 131 133 131 130 124 123 115 111 109 118 131 
  136:  150 157 164 169 167 167 166 168 169 163 161 160 159 157 160 161 160 163 161 161 196 217 0 0 0 0 0 0 0 0 0 0 0 0 0 0 0 0 0 0 0 0
  137:   0 0 0 0 0 0 0 0 0 0
  138:  95 95 94 96 96 94 88 100 130 152 163 170 168 169 169 168 152 132 104 81 80 90 98 100 106 102 105 104 104 105 109 109 115 117 12
  139:  0 119 123 124 123 124 124 129 130 130 131 115 113 112 111 118 121 123 130 130 134 139 134 135 140 139 148 158 157 165 172 173 1
  140:  72 187 182 181 186 186 194 201 125 121 122 131 131 132 133 136 129 135 131 129 132 131 131 131 128 124 122 116 115 112 117 130 
  141:  145 156 163 167 169 165 167 169 167 163 163 162 161 161 159 159 159 160 159 158 192 217 223 226 221 176 0 0 0 0 0 0 0 0 0 0 0 0
  142:   0 0 0 0 0 0 0 0 0 0 0 0 0 0
  143:  95 97 97 100 101 94 90 103 132 149 164 171 169 170 168 168 152 133 106 79 81 89 95 98 99 105 105 103 103 108 107 109 116 118 12
  144:  0 120 123 127 125 129 128 129 132 116 114 114 114 112 116 127 124 123 123 134 134 128 139 135 140 142 141 147 150 156 168 168 1
  145:  69 175 178 186 179 189 186 196 196 173 128 127 128 129 134 135 133 132 132 131 130 130 131 130 126 125 121 116 115 110 115 131 
  146:  144 155 164 167 167 169 165 166 169 168 163 164 161 159 161 161 159 159 157 159 164 206 222 225 223 184 109 109 116 0 0 0 0 0 0
  147:   0 0 0 0 0 0 0 0 0 0 0 0 0 0 0 0 0
  148:  99 99 101 102 98 99 97 102 128 151 164 171 171 170 169 167 151 135 108 82 82 89 94 98 100 103 104 103 104 102 107 111 113 117 1
  149:  25 119 121 122 127 126 125 132 114 110 109 111 118 119 123 122 118 123 130 129 128 136 134 140 142 134 136 143 142 151 161 166 
  150:  176 178 187 179 184 190 197 193 197 204 200 118 124 126 135 134 135 133 130 132 130 131 132 126 129 122 122 124 117 112 118 130
  151:   141 150 163 164 168 168 166 165 165 166 166 161 165 162 160 161 157 156 158 160 154 181 220 225 225 213 110 107 116 122 125 12
  152:  5 0 0 0 0 0 0 0 0 0 0 0 0 0 0 0 0 0 0 0 0
  153:  101 103 102 104 102 99 98 105 132 149 164 172 173 172 169 165 152 132 103 73 81 88 96 96 102 103 104 103 101 105 106 111 113 11
  154:  8 120 120 122 124 124 127 130 122 111 114 114 112 118 123 115 130 125 126 126 122 127 135 132 134 144 142 141 147 145 153 163 1
  155:  70 181 179 183 194 196 191 190 194 199 200 201 166 118 119 130 130 131 133 134 130 132 131 131 129 127 121 122 119 115 111 114 
  156:  128 140 148 158 162 166 166 167 165 165 165 165 163 163 160 160 160 158 157 157 158 157 158 213 222 226 225 151 108 113 121 124
  157:   125 127 126 126 125 0 0 0 0 0 0 0 0 0 0 0 0 0 0 0 0
  158:  103 106 105 103 104 101 98 104 131 150 164 173 172 174 171 164 152 129 101 74 78 86 90 95 99 103 102 107 104 105 107 109 114 11
  159:  7 121 124 123 125 122 140 128 120 116 113 119 116 116 119 126 123 123 125 120 122 126 122 130 133 137 138 139 142 135 154 156 1
  160:  62 173 182 182 183 185 196 188 199 194 197 200 204 190 132 124 130 132 131 131 130 132 133 129 131 127 123 118 119 118 113 115 
  161:  129 139 149 157 160 162 164 164 164 164 162 164 163 160 161 161 160 158 157 157 157 157 152 202 219 225 226 196 121 108 118 122
  162:   124 125 127 127 124 126 126 127 0 0 0 0 0 0 0 0 0 0 0 0 0
  163:  104 102 102 102 102 101 101 104 131 152 164 172 173 173 173 165 153 130 100 80 76 83 93 96 97 98 99 104 100 108 110 114 113 116
  164:   120 118 118 120 129 131 120 112 115 119 117 116 119 123 122 116 121 121 118 126 123 133 139 135 141 139 138 139 146 145 154 15
  165:  7 157 176 176 191 188 188 190 194 189 198 198 203 208 202 118 122 125 128 129 129 131 129 131 125 126 124 121 116 115 111 115 1
  166:  25 137 145 155 157 160 162 163 163 163 166 164 162 162 163 162 160 158 159 157 156 156 154 171 212 224 226 219 169 108 116 119 
  167:  124 123 125 126 126 124 128 129 129 131 130 0 0 0 0 0 0 0 0 0 0
  168:  104 104 103 104 104 99 101 110 133 151 164 171 172 172 172 169 158 132 103 76 78 79 92 99 101 102 103 98 103 103 112 111 114 11
  169:  6 117 120 112 114 175 120 109 108 110 120 114 114 118 123 118 118 116 113 121 134 129 130 134 138 145 143 138 139 144 142 155 1
***** ARQ07.OUT
   70:  0 0 0 0 0 0 0 0 0 0 0 0 0 0 0 0 0 0 0 0 0 0 0 0 0
   71:  177 177 166 154 148 117 85 108 137 158 169 172 172 169 172 167 156 136 107 87 88 97 101 106 108 110 107 105 104 109 109 115 120
   72:   121 125 126 129 130 131 130 133 132 131 134 134 134 134 135 137 135 136 137 138 136 138 138 134 134 136 136 137 135 136 135 13
   73:  6 135 136 137 137 135 139 0 0 0 0 0 0 0 0 0 0 0 0 0 0 0 0 0 0 0 0 0 0 0 0 0 0 0 0 0 0 0 0 0 0 0 0 0 0 0 0 0 0 0 0 0 0 0 0 0 0 0
   74:   0 0 0 0 0 0 0 0 0 0 0 0 0 0 0 0 0 0 0 0 0 0 0 0 0 0 0 0
   75:  178 173 162 143 131 91 79 105 138 158 170 173 171 170 169 165 156 136 103 83 87 96 103 108 107 109 105 107 106 107 112 115 118 
   76:  124 125 123 123 127 131 134 131 133 131 132 134 135 135 134 134 131 137 136 134 135 136 136 137 137 138 137 135 137 135 135 132
   77:   134 138 134 136 134 137 138 141 138 0 0 0 0 0 0 0 0 0 0 0 0 0 0 0 0 0 0 0 0 0 0 0 0 0 0 0 0 0 0 0 0 0 0 0 0 0 0 0 0 0 0 0 0 0 
   78:  0 0 0 0 0 0 0 0 0 0 0 0 0 0 0 0 0 0 0 0 0 0 0 0 0 0 0 0 0 0 0
   79:  174 167 153 128 115 82 81 104 136 153 170 172 172 170 171 167 157 137 105 83 84 93 101 102 107 109 109 108 106 107 113 114 120 
   80:  124 124 122 128 130 129 131 129 135 131 130 134 134 134 135 135 134 133 137 135 133 133 136 136 134 141 136 136 137 136 136 134
   81:   133 135 137 131 134 136 137 139 136 137 143 135 0 0 0 0 0 0 0 0 0 0 0 0 0 0 0 0 0 0 0 0 0 0 0 0 0 0 0 0 0 0 0 0 0 0 0 0 0 0 0 
   82:  0 0 0 0 0 0 0 0 0 0 0 0 0 0 0 0 0 0 0 0 0 0 0 0 0 0 0 0 0 0 0 0 0 0
   83:  168 157 141 109 92 85 83 108 136 156 169 174 169 170 169 167 153 136 107 81 83 98 100 101 105 103 107 106 109 111 111 118 116 1
   84:  22 124 125 128 128 127 128 130 132 130 126 129 132 135 135 135 136 136 136 136 133 134 137 140 136 137 132 137 135 136 140 136 
   85:  135 136 136 133 136 137 135 136 135 136 141 135 137 136 134 137 0 0 0 0 0 0 0 0 0 0 0 0 0 0 0 0 0 0 0 0 0 0 0 0 0 0 0 0 0 0 0 0
   86:   0 0 0 0 0 0 0 0 0 0 0 0 0 0 0 0 0 0 0 0 0 0 0 0 0 0 0 0 0 0 0 0 0 0 0 0 0
   87:  165 150 121 88 82 87 86 110 136 155 170 174 173 170 171 164 149 136 106 80 79 90 94 98 104 106 103 105 109 109 111 117 120 124 
   88:  125 126 130 128 129 131 131 132 129 129 131 133 133 133 133 133 132 133 135 135 133 135 139 137 134 133 132 134 134 134 135 134
   89:   137 136 133 136 136 139 136 134 136 137 136 135 134 135 136 137 133 134 0 0 0 0 0 0 0 0 0 0 0 0 0 0 0 0 0 0 0 0 0 0 0 0 0 0 0 
   90:  0 0 0 0 0 0 0 0 0 0 0 0 0 0 0 0 0 0 0 0 0 0 0 0 0 0 0 0 0 0 0 0 0 0 0 0 0 0 0
   91:  154 134 96 86 86 88 87 110 137 156 168 173 174 170 168 165 151 135 104 77 80 87 95 96 100 99 102 103 104 110 110 118 119 123 12
   92:  8 123 128 130 128 132 131 130 130 132 133 134 134 134 135 128 134 134 135 135 133 136 137 140 134 129 130 130 131 131 135 135 1
   93:  35 137 132 135 138 138 139 134 135 134 134 134 132 134 133 136 130 134 134 134 133 0 0 0 0 0 0 0 0 0 0 0 0 0 0 0 0 0 0 0 0 0 0 
   94:  0 0 0 0 0 0 0 0 0 0 0 0 0 0 0 0 0 0 0 0 0 0 0 0 0 0 0 0 0 0 0 0 0 0 0 0 0 0 0 0 0
   95:  141 111 87 90 91 92 90 109 137 156 167 173 173 173 168 165 154 135 102 78 78 91 94 100 99 101 104 104 105 107 109 116 117 122 1
   96:  24 127 129 131 131 129 129 131 130 133 133 132 133 132 132 129 132 133 135 134 134 133 136 137 132 135 128 126 127 126 131 132 
   97:  131 134 132 133 137 140 141 137 136 135 136 136 135 133 134 132 130 131 133 135 132 130 134 127 125 0 0 0 0 0 0 0 0 0 0 0 0 0 0
   98:   0 0 0 0 0 0 0 0 0 0 0 0 0 0 0 0 0 0 0 0 0 0 0 0 0 0 0 0 0 0 0 0 0 0 0 0 0 0 0 0 0 0 0 0 0
   99:  124 92 88 96 91 90 88 108 136 155 169 174 174 172 169 164 153 133 100 78 81 90 97 101 105 104 104 103 105 109 107 113 118 121 1
  100:  23 125 125 130 128 130 129 130 133 132 132 136 132 133 129 132 136 134 133 134 134 131 136 135 132 131 128 127 125 129 134 131 
  101:  129 131 132 131 133 137 140 136 137 137 135 134 135 134 133 134 132 132 133 133 132 131 132 126 126 122 115 106 0 0 0 0 0 0 0 0
  102:   0 0 0 0 0 0 0 0 0 0 0 0 0 0 0 0 0 0 0 0 0 0 0 0 0 0 0 0 0 0 0 0 0 0 0 0 0 0 0 0 0 0 0 0 0 0 0 0
  103:  101 86 90 94 92 91 89 109 135 153 166 174 174 171 170 163 149 133 102 79 80 88 98 104 102 109 104 103 106 106 109 108 115 118 1
  104:  19 124 125 126 126 126 127 133 132 132 133 135 134 131 133 133 132 134 137 134 134 133 134 132 132 131 128 129 126 127 127 131 
  105:  128 129 128 132 133 133 137 137 134 135 134 139 133 130 136 131 133 133 131 133 132 128 129 130 124 120 116 107 119 137 148 0 0
  106:   0 0 0 0 0 0 0 0 0 0 0 0 0 0 0 0 0 0 0 0 0 0 0 0 0 0 0 0 0 0 0 0 0 0 0 0 0 0 0 0 0 0 0 0 0 0 0 0 0 0 0
  107:  90 90 92 93 95 91 89 106 135 155 165 172 172 171 172 163 150 130 103 79 82 91 95 102 99 101 104 100 103 101 107 112 115 120 120
  108:   122 119 124 125 127 128 131 132 130 132 133 131 135 133 133 132 136 134 133 131 133 135 131 132 131 134 129 124 127 129 130 13
  109:  3 131 129 130 129 135 132 134 136 136 136 136 135 133 135 136 132 132 133 134 133 132 133 128 123 120 115 110 117 135 147 159 1
  110:  63 167 161 0 0 0 0 0 0 0 0 0 0 0 0 0 0 0 0 0 0 0 0 0 0 0 0 0 0 0 0 0 0 0 0 0 0 0 0 0 0 0 0 0 0 0 0 0 0 0 0 0
  111:  90 93 96 95 92 92 89 105 136 151 165 171 175 170 170 163 150 131 105 81 85 92 98 99 101 101 105 103 104 105 108 112 113 116 114
  112:   120 122 127 127 130 127 129 131 130 132 132 129 130 129 130 132 132 132 131 134 128 133 134 130 128 131 130 129 127 125 128 12
  113:  2 125 125 125 127 134 133 133 135 136 139 133 132 130 133 131 131 130 133 136 134 136 133 129 127 121 116 114 109 125 141 156 1
  114:  63 166 161 156 158 160 0 0 0 0 0 0 0 0 0 0 0 0 0 0 0 0 0 0 0 0 0 0 0 0 0 0 0 0 0 0 0 0 0 0 0 0 0 0 0 0 0 0 0 0 0 0
  115:  89 94 95 95 96 94 92 105 131 151 165 171 172 172 171 164 150 130 105 78 82 94 95 98 106 103 102 103 106 104 108 110 113 115 121
  116:   119 120 122 123 123 128 129 130 128 128 128 152 128 150 149 156 138 141 132 130 139 147 140 146 148 155 141 137 136 126 121 12
  117:  2 123 122 125 128 133 133 136 133 137 135 135 132 131 134 131 132 130 132 132 133 130 134 129 128 122 117 119 109 114 135 153 1
  118:  59 165 163 158 157 157 162 162 160 0 0 0 0 0 0 0 0 0 0 0 0 0 0 0 0 0 0 0 0 0 0 0 0 0 0 0 0 0 0 0 0 0 0 0 0 0 0 0 0 0 0 0
  119:  95 93 95 93 96 93 92 106 135 151 165 170 171 171 170 164 150 128 101 80 83 93 96 99 102 103 105 105 103 106 108 112 114 118 122
  120:   118 119 123 123 125 124 128 129 130 125 134 156 132 133 138 131 147 131 123 137 156 147 153 157 143 150 151 158 172 155 167 17
  121:  1 121 120 120 123 129 133 132 134 137 137 133 131 130 134 133 131 132 132 132 131 131 133 130 127 122 120 115 111 109 123 147 1
  122:  57 163 166 160 159 160 161 160 162 160 159 159 157 0 0 0 0 0 0 0 0 0 0 0 0 0 0 0 0 0 0 0 0 0 0 0 0 0 0 0 0 0 0 0 0 0 0 0 0 0 0 
  123:  0
  124:  96 93 93 91 97 90 89 110 135 151 164 170 172 172 171 165 151 133 110 77 85 92 100 103 101 107 106 108 104 105 108 112 115 117 1
  125:  19 119 124 125 121 122 127 128 129 126 129 137 117 104 127 128 126 128 127 126 133 140 142 151 151 148 156 156 174 175 169 183 
  126:  183 163 164 155 138 127 129 131 134 136 134 133 133 133 134 131 133 128 130 131 130 131 133 129 128 127 121 117 113 106 118 145
  127:   155 160 166 162 161 161 160 161 160 159 158 158 158 160 159 162 0 0 0 0 0 0 0 0 0 0 0 0 0 0 0 0 0 0 0 0 0 0 0 0 0 0 0 0 0 0 0 
  128:  0 0 0 0 0
  129:  92 92 92 92 92 89 86 105 134 152 164 169 167 170 169 164 151 131 105 80 80 94 101 101 99 103 102 106 105 104 109 111 114 118 11
  130:  9 119 120 126 125 125 126 124 131 124 140 131 117 115 122 126 123 123 124 122 131 140 139 142 144 154 157 153 159 166 175 184 1
  131:  86 186 187 187 196 126 121 122 134 134 132 132 131 131 135 131 131 130 132 130 130 133 132 129 130 129 121 113 114 108 113 137 
  132:  150 160 164 168 166 164 165 165 163 161 161 159 159 162 160 160 160 164 161 0 0 0 0 0 0 0 0 0 0 0 0 0 0 0 0 0 0 0 0 0 0 0 0 0 0
  133:   0 0 0 0 0 0 0
  134:  91 91 95 96 94 91 86 104 135 153 163 169 171 169 167 165 152 130 104 80 80 91 97 100 104 103 101 104 104 104 109 111 112 118 11
  135:  8 120 120 124 124 127 124 123 129 136 154 115 117 121 118 113 121 129 126 124 136 136 132 132 141 135 148 153 159 159 167 172 1
  136:  81 183 183 175 186 189 176 141 125 127 127 130 131 132 133 131 132 130 129 131 129 131 133 131 128 124 123 115 111 109 118 131 
  137:  150 157 163 169 167 167 166 168 169 163 161 160 161 157 160 161 160 163 161 161 196 217 223 0 0 0 0 0 0 0 0 0 0 0 0 0 0 0 0 0 0
  138:   0 0 0 0 0 0 0 0 0 0 0
  139:  95 95 94 96 96 94 88 100 130 152 164 170 168 169 169 168 152 132 104 81 81 90 98 100 106 102 105 104 104 105 107 109 115 117 12
  140:  0 119 123 124 123 124 128 129 130 130 131 115 113 112 111 118 124 123 130 130 134 139 134 135 140 139 141 158 157 165 172 173 1
  141:  72 187 182 181 179 186 194 201 125 121 122 131 131 132 134 136 129 135 131 129 132 131 131 131 126 124 122 116 115 112 117 130 
  142:  145 156 164 167 169 165 167 169 167 163 163 162 161 161 159 159 159 160 159 158 192 217 222 226 221 176 0 0 0 0 0 0 0 0 0 0 0 0
  143:   0 0 0 0 0 0 0 0 0 0 0 0 0 0
  144:  95 97 97 100 101 94 90 103 132 149 164 171 169 170 168 168 152 133 106 79 82 89 95 98 99 105 105 103 103 108 107 109 116 118 12
  145:  0 120 123 127 125 129 125 129 132 116 114 114 114 112 116 127 118 123 123 134 134 128 139 135 140 142 136 147 150 156 168 168 1
  146:  69 175 178 186 184 189 186 196 196 173 128 127 128 129 135 135 133 132 132 131 130 130 131 130 129 125 121 116 115 110 115 131 
  147:  144 155 163 167 167 169 165 166 169 168 163 164 165 159 161 161 159 159 157 159 164 206 220 225 223 184 109 109 116 0 0 0 0 0 0
  148:   0 0 0 0 0 0 0 0 0 0 0 0 0 0 0 0 0
  149:  99 99 101 102 98 99 97 102 128 151 164 171 171 170 169 167 151 135 108 82 81 89 94 98 100 103 104 103 104 102 106 111 113 117 1
  150:  25 119 121 122 127 126 130 132 114 110 109 111 118 119 123 122 125 123 130 129 128 136 134 140 142 134 141 143 142 151 161 166 
  151:  176 178 187 179 196 190 197 193 197 204 200 118 124 126 130 134 135 133 130 132 130 131 132 126 127 122 122 124 117 112 118 130
  152:   141 150 158 164 168 168 166 165 165 166 166 161 163 162 160 161 157 156 158 160 154 181 213 225 225 213 110 107 116 122 125 12
  153:  5 127 0 0 0 0 0 0 0 0 0 0 0 0 0 0 0 0 0 0 0
  154:  101 103 102 104 102 99 98 105 132 149 164 172 173 172 169 165 152 132 103 73 78 88 96 96 102 103 104 103 101 105 107 111 113 11
  155:  8 120 120 122 124 124 127 128 122 111 114 114 112 118 123 115 130 123 126 126 122 127 135 132 134 144 142 139 147 145 153 163 1
  156:  70 181 179 183 194 185 191 190 194 199 200 201 166 118 119 124 130 131 133 134 130 132 131 131 129 127 121 122 119 115 111 114 
  157:  128 140 148 157 162 166 166 167 165 165 165 165 163 160 160 160 160 158 157 157 158 157 158 202 222 226 225 151 108 113 121 124
  158:   125 125 126 126 125 0 0 0 0 0 0 0 0 0 0 0 0 0 0 0 0
  159:  103 106 105 103 104 101 98 104 131 150 164 173 172 174 171 164 152 129 101 74 76 86 90 95 99 103 102 107 104 105 110 109 114 11
  160:  7 121 124 123 125 122 140 120 120 116 113 119 116 116 119 126 123 121 125 120 122 126 122 130 133 137 138 138 142 135 154 156 1
  161:  62 173 182 182 183 188 196 188 199 194 197 200 204 190 132 118 130 132 131 131 130 132 133 129 131 126 123 118 119 118 113 115 
  162:  129 139 149 155 160 162 164 164 164 164 162 164 163 162 161 161 160 158 157 157 157 157 152 171 219 225 226 196 121 108 118 122
  163:   124 123 127 127 124 126 126 127 0 0 0 0 0 0 0 0 0 0 0 0 0
  164:  104 102 102 102 102 101 101 104 131 152 164 172 173 173 173 165 153 130 100 80 78 83 93 96 97 98 99 104 100 108 112 114 113 116
  165:   120 118 118 120 129 131 109 112 115 119 117 116 119 123 122 116 116 121 118 126 123 133 139 135 141 139 138 139 146 145 154 15
  166:  7 157 176 176 191 189 188 190 194 189 198 198 203 208 202 161 122 125 128 129 129 131 129 131 125 125 124 121 116 115 111 115 1
  167:  25 137 145 150 157 160 162 163 163 163 166 164 162 163 163 162 160 158 159 157 156 156 154 151 212 224 226 219 169 108 116 119 
  168:  124 123 125 126 126 124 128 129 129 131 130 122 0 0 0 0 0 0 0 0 0
  169:  104 104 103 104 104 99 101 110 133 151 161 171 172 172 172 169 158 132 103 76 78 79 92 99 101 102 103 98 103 103 106 111 114 11
*****

Comparing files arq08.res and ARQ08.OUT
FC: no differences encountered

Comparing files arq09.res and ARQ09.OUT
FC: no differences encountered

Comparing files arq10.res and ARQ10.OUT
FC: no differences encountered

Comparing files arq11.res and ARQ11.OUT
FC: no differences encountered

Comparing files arq12.res and ARQ12.OUT
FC: no differences encountered

