Comparing files arq01.res and ARQ01.OUT
***** arq01.res
    1:  (7 3 4 8 2 5 6 1)
    2:  (3 4 7 8 2 5 6 1)
    3:  (7 8 2 3 4 5 6 1)
    4:  (2 3 4 5 6 7 8 1)
    5:  (1 2 3 4 5 6 7 8)
    6:  Peso: 23
***** ARQ01.OUT
*****

Comparing files arq02.res and ARQ02.OUT
***** arq02.res
    1:  (2 5 4 1 3 6)
    2:  (5 4 1 2 3 6)
    3:  (4 5 1 2 3 6)
    4:  (1 2 3 4 5 6)
    5:  Peso: 11
***** ARQ02.OUT
*****

Comparing files arq03.res and ARQ03.OUT
***** arq03.res
    1:  (2 5 3 8 14 12 9 11 1 6 7 15 4 13 10)
    2:  (5 2 3 8 14 12 9 11 1 6 7 15 4 13 10)
    3:  (2 3 8 14 12 9 11 1 5 6 7 15 4 13 10)
    4:  (8 14 12 9 11 1 2 3 5 6 7 15 4 13 10)
    5:  (14 12 8 9 11 1 2 3 5 6 7 15 4 13 10)
    6:  (12 8 9 11 1 2 3 5 6 7 14 15 4 13 10)
    7:  (8 9 11 12 1 2 3 5 6 7 14 15 4 13 10)
    8:  (11 12 1 2 3 5 6 7 8 9 14 15 4 13 10)
    9:  (1 2 3 5 6 7 8 9 14 15 4 11 12 13 10)
   10:  (5 6 7 8 9 14 15 1 2 3 4 11 12 13 10)
   11:  (14 15 1 2 3 4 5 6 7 8 9 11 12 13 10)
   12:  (11 12 13 14 15 1 2 3 4 5 6 7 8 9 10)
   13:  (1 2 3 4 5 6 7 8 9 10 11 12 13 14 15)
   14:  Peso: 110
***** ARQ03.OUT
*****

Comparing files arq04.res and ARQ04.OUT
***** arq04.res
    1:  (34 46 40 36 8 41 16 25 37 6 5 17 31 47 45 9 29 21 26 14 50 33 38 49 35 30 32 28 20 1 3 27 24 18 43 7 22 12 2 42 19 23 39 15 11
    2:   10 4 13 44 48)
    3:  (6 5 17 31 47 45 9 29 21 26 14 50 33 34 46 40 36 8 41 16 25 37 38 49 35 30 32 28 20 1 3 27 24 18 43 7 22 12 2 42 19 23 39 15 11
    4:   10 4 13 44 48)
    5:  (5 6 17 31 47 45 9 29 21 26 14 50 33 34 46 40 36 8 41 16 25 37 38 49 35 30 32 28 20 1 3 27 24 18 43 7 22 12 2 42 19 23 39 15 11
    6:   10 4 13 44 48)
    7:  (17 31 47 45 9 29 21 26 14 50 33 34 46 40 36 8 41 16 25 37 38 49 35 30 32 28 20 1 3 27 24 18 43 5 6 7 22 12 2 42 19 23 39 15 11
    8:   10 4 13 44 48)
    9:  (31 47 45 9 29 21 26 14 50 33 34 46 40 36 8 41 16 17 25 37 38 49 35 30 32 28 20 1 3 27 24 18 43 5 6 7 22 12 2 42 19 23 39 15 11
   10:   10 4 13 44 48)
   11:  (47 45 9 29 21 26 14 50 33 34 46 40 36 8 41 16 17 25 37 38 49 35 30 31 32 28 20 1 3 27 24 18 43 5 6 7 22 12 2 42 19 23 39 15 11
   12:   10 4 13 44 48)
   13:  (45 9 29 21 26 14 50 33 34 46 47 40 36 8 41 16 17 25 37 38 49 35 30 31 32 28 20 1 3 27 24 18 43 5 6 7 22 12 2 42 19 23 39 15 11
   14:   10 4 13 44 48)
   15:  (9 29 21 26 14 50 33 34 45 46 47 40 36 8 41 16 17 25 37 38 49 35 30 31 32 28 20 1 3 27 24 18 43 5 6 7 22 12 2 42 19 23 39 15 11
   16:   10 4 13 44 48)
   17:  (36 8 9 29 21 26 14 50 33 34 45 46 47 40 41 16 17 25 37 38 49 35 30 31 32 28 20 1 3 27 24 18 43 5 6 7 22 12 2 42 19 23 39 15 11
   18:   10 4 13 44 48)
   19:  (8 9 29 21 26 14 50 33 34 45 46 47 40 41 16 17 25 36 37 38 49 35 30 31 32 28 20 1 3 27 24 18 43 5 6 7 22 12 2 42 19 23 39 15 11
   20:   10 4 13 44 48)
   21:  (26 14 50 33 34 45 46 47 40 41 16 17 25 36 37 38 49 35 30 31 32 28 20 1 3 27 24 18 43 5 6 7 8 9 29 21 22 12 2 42 19 23 39 15 11
   22:   10 4 13 44 48)
   23:  (14 50 33 34 45 46 47 40 41 16 17 25 26 36 37 38 49 35 30 31 32 28 20 1 3 27 24 18 43 5 6 7 8 9 29 21 22 12 2 42 19 23 39 15 11
   24:   10 4 13 44 48)
   25:  (50 33 34 45 46 47 40 41 16 17 25 26 36 37 38 49 35 30 31 32 28 20 1 3 27 24 18 43 5 6 7 8 9 29 21 22 12 2 42 19 23 39 14 15 11
   26:   10 4 13 44 48)
   27:  (45 46 47 40 41 16 17 25 26 36 37 38 49 50 33 34 35 30 31 32 28 20 1 3 27 24 18 43 5 6 7 8 9 29 21 22 12 2 42 19 23 39 14 15 11
   28:   10 4 13 44 48)
   29:  (40 41 16 17 25 26 36 37 38 49 50 33 34 35 30 31 32 28 20 1 3 27 24 18 43 5 6 7 8 9 29 21 22 12 2 42 19 23 39 14 15 11 10 4 13 
   30:  44 45 46 47 48)
   31:  (16 17 25 26 36 37 38 49 50 33 34 35 30 31 32 28 20 1 3 27 24 18 43 5 6 7 8 9 29 21 22 12 2 40 41 42 19 23 39 14 15 11 10 4 13 
   32:  44 45 46 47 48)
   33:  (25 26 36 37 38 49 50 33 34 35 30 31 32 28 20 1 3 27 24 16 17 18 43 5 6 7 8 9 29 21 22 12 2 40 41 42 19 23 39 14 15 11 10 4 13 
   34:  44 45 46 47 48)
   35:  (36 37 38 49 50 33 34 35 30 31 32 28 20 1 3 25 26 27 24 16 17 18 43 5 6 7 8 9 29 21 22 12 2 40 41 42 19 23 39 14 15 11 10 4 13 
   36:  44 45 46 47 48)
   37:  (49 50 33 34 35 36 37 38 30 31 32 28 20 1 3 25 26 27 24 16 17 18 43 5 6 7 8 9 29 21 22 12 2 40 41 42 19 23 39 14 15 11 10 4 13 
   38:  44 45 46 47 48)
   39:  (33 34 35 36 37 38 30 31 32 28 20 1 3 25 26 27 24 16 17 18 43 5 6 7 8 9 29 21 22 12 2 40 41 42 19 23 39 14 15 11 10 4 13 44 45 
   40:  46 47 48 49 50)
   41:  (30 31 32 33 34 35 36 37 38 28 20 1 3 25 26 27 24 16 17 18 43 5 6 7 8 9 29 21 22 12 2 40 41 42 19 23 39 14 15 11 10 4 13 44 45 
   42:  46 47 48 49 50)
   43:  (1 3 25 26 27 24 16 17 18 43 5 6 7 8 9 29 30 31 32 33 34 35 36 37 38 28 20 21 22 12 2 40 41 42 19 23 39 14 15 11 10 4 13 44 45 
   44:  46 47 48 49 50)
   45:  (3 25 26 27 24 16 17 18 43 5 6 7 8 9 29 30 31 32 33 34 35 36 37 38 28 20 21 22 12 1 2 40 41 42 19 23 39 14 15 11 10 4 13 44 45 
   46:  46 47 48 49 50)
   47:  (25 26 27 24 16 17 18 43 5 6 7 8 9 29 30 31 32 33 34 35 36 37 38 28 20 21 22 12 1 2 3 40 41 42 19 23 39 14 15 11 10 4 13 44 45 
   48:  46 47 48 49 50)
   49:  (24 25 26 27 16 17 18 43 5 6 7 8 9 29 30 31 32 33 34 35 36 37 38 28 20 21 22 12 1 2 3 40 41 42 19 23 39 14 15 11 10 4 13 44 45 
   50:  46 47 48 49 50)
   51:  (16 17 18 43 5 6 7 8 9 29 30 31 32 33 34 35 36 37 38 24 25 26 27 28 20 21 22 12 1 2 3 40 41 42 19 23 39 14 15 11 10 4 13 44 45 
   52:  46 47 48 49 50)
   53:  (43 5 6 7 8 9 29 30 31 32 33 34 35 36 37 38 24 25 26 27 28 20 21 22 12 1 2 3 40 41 42 16 17 18 19 23 39 14 15 11 10 4 13 44 45 
   54:  46 47 48 49 50)
   55:  (5 6 7 8 9 29 30 31 32 33 34 35 36 37 38 24 25 26 27 28 20 21 22 12 1 2 3 40 41 42 43 16 17 18 19 23 39 14 15 11 10 4 13 44 45 
   56:  46 47 48 49 50)
   57:  (29 30 31 32 33 34 35 36 37 38 24 25 26 27 28 20 21 22 12 1 2 3 40 41 42 43 16 17 18 19 23 39 14 15 11 5 6 7 8 9 10 4 13 44 45 
   58:  46 47 48 49 50)
   59:  (24 25 26 27 28 29 30 31 32 33 34 35 36 37 38 20 21 22 12 1 2 3 40 41 42 43 16 17 18 19 23 39 14 15 11 5 6 7 8 9 10 4 13 44 45 
   60:  46 47 48 49 50)
   61:  (20 21 22 12 1 2 3 40 41 42 43 16 17 18 19 23 24 25 26 27 28 29 30 31 32 33 34 35 36 37 38 39 14 15 11 5 6 7 8 9 10 4 13 44 45 
   62:  46 47 48 49 50)
   63:  (12 1 2 3 40 41 42 43 16 17 18 19 20 21 22 23 24 25 26 27 28 29 30 31 32 33 34 35 36 37 38 39 14 15 11 5 6 7 8 9 10 4 13 44 45 
   64:  46 47 48 49 50)
   65:  (1 2 3 40 41 42 43 16 17 18 19 20 21 22 23 24 25 26 27 28 29 30 31 32 33 34 35 36 37 38 39 14 15 11 12 5 6 7 8 9 10 4 13 44 45 
   66:  46 47 48 49 50)
   67:  (40 41 42 43 16 17 18 19 20 21 22 23 24 25 26 27 28 29 30 31 32 33 34 35 36 37 38 39 14 15 11 12 5 6 7 8 9 10 1 2 3 4 13 44 45 
   68:  46 47 48 49 50)
   69:  (16 17 18 19 20 21 22 23 24 25 26 27 28 29 30 31 32 33 34 35 36 37 38 39 40 41 42 43 14 15 11 12 5 6 7 8 9 10 1 2 3 4 13 44 45 
   70:  46 47 48 49 50)
   71:  (14 15 16 17 18 19 20 21 22 23 24 25 26 27 28 29 30 31 32 33 34 35 36 37 38 39 40 41 42 43 11 12 5 6 7 8 9 10 1 2 3 4 13 44 45 
   72:  46 47 48 49 50)
   73:  (11 12 5 6 7 8 9 10 1 2 3 4 13 14 15 16 17 18 19 20 21 22 23 24 25 26 27 28 29 30 31 32 33 34 35 36 37 38 39 40 41 42 43 44 45 
   74:  46 47 48 49 50)
   75:  (5 6 7 8 9 10 11 12 1 2 3 4 13 14 15 16 17 18 19 20 21 22 23 24 25 26 27 28 29 30 31 32 33 34 35 36 37 38 39 40 41 42 43 44 45 
   76:  46 47 48 49 50)
   77:  (1 2 3 4 5 6 7 8 9 10 11 12 13 14 15 16 17 18 19 20 21 22 23 24 25 26 27 28 29 30 31 32 33 34 35 36 37 38 39 40 41 42 43 44 45 
   78:  46 47 48 49 50)
   79:  Peso: 928
***** ARQ04.OUT
*****

Comparing files arq05.res and ARQ05.OUT
***** arq05.res
    1:  (14 1 16 11 3 2 17 12 9 13 10 7 15 4 6 8 5)
    2:  (13 14 1 16 11 3 2 17 12 9 10 7 15 4 6 8 5)
    3:  (1 16 11 3 2 17 12 13 14 9 10 7 15 4 6 8 5)
    4:  (16 11 3 1 2 17 12 13 14 9 10 7 15 4 6 8 5)
    5:  (11 3 1 2 16 17 12 13 14 9 10 7 15 4 6 8 5)
    6:  (3 1 2 16 17 11 12 13 14 9 10 7 15 4 6 8 5)
    7:  (1 2 3 16 17 11 12 13 14 9 10 7 15 4 6 8 5)
    8:  (16 17 11 12 13 14 9 10 7 15 1 2 3 4 6 8 5)
    9:  (11 12 13 14 9 10 7 15 16 17 1 2 3 4 6 8 5)
   10:  (9 10 11 12 13 14 7 15 16 17 1 2 3 4 6 8 5)
   11:  (7 9 10 11 12 13 14 15 16 17 1 2 3 4 6 8 5)
   12:  (9 10 11 12 13 14 15 16 17 1 2 3 4 6 7 8 5)
   13:  (6 7 8 9 10 11 12 13 14 15 16 17 1 2 3 4 5)
   14:  (1 2 3 4 5 6 7 8 9 10 11 12 13 14 15 16 17)
   15:  Peso: 121
***** ARQ05.OUT
*****

Comparing files arq06.res and ARQ06.OUT
***** arq06.res
    1:  (1 2 3 4 5)
    2:  Peso: 0
***** ARQ06.OUT
*****

Comparing files arq07.res and ARQ07.OUT
Resync Failed.  Files are too different.
***** arq07.res
    1:  (58 65 97 79 8 68 16 81 37 56 5 83 31 47 84 89 69 21 85 90 98 87 39 61 71 30 54 28 96 1 3 27 82 18 43 7 59 12 2 100 19 23 38 88
    2:   11 10 4 93 44 48 52 76 86 66 40 6 45 34 22 46 49 33 78 72 92 32 51 77 94 64 80 53 24 14 57 91 41 73 36 35 70 63 17 75 26 25 62
    3:   15 9 74 55 60 13 99 95 20 67 50 29 42)
    4:  (65 97 79 8 68 16 81 37 56 5 83 31 47 84 89 69 21 85 90 98 87 39 61 71 30 54 28 96 1 3 27 82 18 43 7 58 59 12 2 100 19 23 38 88
    5:   11 10 4 93 44 48 52 76 86 66 40 6 45 34 22 46 49 33 78 72 92 32 51 77 94 64 80 53 24 14 57 91 41 73 36 35 70 63 17 75 26 25 62
    6:   15 9 74 55 60 13 99 95 20 67 50 29 42)
    7:  (97 79 8 68 16 81 37 56 5 83 31 47 84 89 69 21 85 90 98 87 39 61 71 30 54 28 96 1 3 27 82 18 43 7 58 59 12 2 100 19 23 38 88 11
    8:   10 4 93 44 48 52 76 86 65 66 40 6 45 34 22 46 49 33 78 72 92 32 51 77 94 64 80 53 24 14 57 91 41 73 36 35 70 63 17 75 26 25 62
    9:   15 9 74 55 60 13 99 95 20 67 50 29 42)
   10:  (79 8 68 16 81 37 56 5 83 31 47 84 89 69 21 85 90 97 98 87 39 61 71 30 54 28 96 1 3 27 82 18 43 7 58 59 12 2 100 19 23 38 88 11
   11:   10 4 93 44 48 52 76 86 65 66 40 6 45 34 22 46 49 33 78 72 92 32 51 77 94 64 80 53 24 14 57 91 41 73 36 35 70 63 17 75 26 25 62
   12:   15 9 74 55 60 13 99 95 20 67 50 29 42)
   13:  (30 54 28 96 1 3 27 82 18 43 7 58 59 12 2 100 19 23 38 88 11 10 4 93 44 48 52 76 86 65 66 40 6 45 34 22 46 49 33 78 79 8 68 16 
   14:  81 37 56 5 83 31 47 84 89 69 21 85 90 97 98 87 39 61 71 72 92 32 51 77 94 64 80 53 24 14 57 91 41 73 36 35 70 63 17 75 26 25 62
   15:   15 9 74 55 60 13 99 95 20 67 50 29 42)
   16:  (54 28 96 1 3 27 82 18 43 7 58 59 12 2 100 19 23 38 88 11 10 4 93 44 48 52 76 86 65 66 40 6 45 34 22 46 49 33 78 79 8 68 16 81 
   17:  37 56 5 83 30 31 47 84 89 69 21 85 90 97 98 87 39 61 71 72 92 32 51 77 94 64 80 53 24 14 57 91 41 73 36 35 70 63 17 75 26 25 62
   18:   15 9 74 55 60 13 99 95 20 67 50 29 42)
   19:  (38 88 11 10 4 93 44 48 52 76 86 65 66 40 6 45 34 22 46 49 33 78 79 8 68 16 81 37 56 5 83 30 31 47 84 89 69 21 85 90 97 98 87 3
   20:  9 61 71 72 92 32 51 77 94 64 80 53 54 28 96 1 3 27 82 18 43 7 58 59 12 2 100 19 23 24 14 57 91 41 73 36 35 70 63 17 75 26 25 62
   21:   15 9 74 55 60 13 99 95 20 67 50 29 42)
   22:  (88 11 10 4 93 44 48 52 76 86 65 66 40 6 45 34 22 46 49 33 78 79 8 68 16 81 37 38 56 5 83 30 31 47 84 89 69 21 85 90 97 98 87 3
   23:  9 61 71 72 92 32 51 77 94 64 80 53 54 28 96 1 3 27 82 18 43 7 58 59 12 2 100 19 23 24 14 57 91 41 73 36 35 70 63 17 75 26 25 62
   24:   15 9 74 55 60 13 99 95 20 67 50 29 42)
   25:  (11 10 4 93 44 48 52 76 86 65 66 40 6 45 34 22 46 49 33 78 79 8 68 16 81 37 38 56 5 83 30 31 47 84 88 89 69 21 85 90 97 98 87 3
   26:  9 61 71 72 92 32 51 77 94 64 80 53 54 28 96 1 3 27 82 18 43 7 58 59 12 2 100 19 23 24 14 57 91 41 73 36 35 70 63 17 75 26 25 62
   27:   15 9 74 55 60 13 99 95 20 67 50 29 42)
   28:  (10 11 4 93 44 48 52 76 86 65 66 40 6 45 34 22 46 49 33 78 79 8 68 16 81 37 38 56 5 83 30 31 47 84 88 89 69 21 85 90 97 98 87 3
   29:  9 61 71 72 92 32 51 77 94 64 80 53 54 28 96 1 3 27 82 18 43 7 58 59 12 2 100 19 23 24 14 57 91 41 73 36 35 70 63 17 75 26 25 62
   30:   15 9 74 55 60 13 99 95 20 67 50 29 42)
   31:  (4 93 44 48 52 76 86 65 66 40 6 45 34 22 46 49 33 78 79 8 68 16 81 37 38 56 5 83 30 31 47 84 88 89 69 21 85 90 97 98 87 39 61 7
   32:  1 72 92 32 51 77 94 64 80 53 54 28 96 1 3 27 82 18 43 7 58 59 10 11 12 2 100 19 23 24 14 57 91 41 73 36 35 70 63 17 75 26 25 62
   33:   15 9 74 55 60 13 99 95 20 67 50 29 42)
   34:  (93 44 48 52 76 86 65 66 40 6 45 34 22 46 49 33 78 79 8 68 16 81 37 38 56 4 5 83 30 31 47 84 88 89 69 21 85 90 97 98 87 39 61 7
   35:  1 72 92 32 51 77 94 64 80 53 54 28 96 1 3 27 82 18 43 7 58 59 10 11 12 2 100 19 23 24 14 57 91 41 73 36 35 70 63 17 75 26 25 62
   36:   15 9 74 55 60 13 99 95 20 67 50 29 42)
   37:  (47 84 88 89 69 21 85 90 97 98 87 39 61 71 72 92 93 44 48 52 76 86 65 66 40 6 45 34 22 46 49 33 78 79 8 68 16 81 37 38 56 4 5 8
   38:  3 30 31 32 51 77 94 64 80 53 54 28 96 1 3 27 82 18 43 7 58 59 10 11 12 2 100 19 23 24 14 57 91 41 73 36 35 70 63 17 75 26 25 62
   39:   15 9 74 55 60 13 99 95 20 67 50 29 42)
   40:  (84 88 89 69 21 85 90 97 98 87 39 61 71 72 92 93 44 47 48 52 76 86 65 66 40 6 45 34 22 46 49 33 78 79 8 68 16 81 37 38 56 4 5 8
   41:  3 30 31 32 51 77 94 64 80 53 54 28 96 1 3 27 82 18 43 7 58 59 10 11 12 2 100 19 23 24 14 57 91 41 73 36 35 70 63 17 75 26 25 62
   42:   15 9 74 55 60 13 99 95 20 67 50 29 42)
   43:  (88 89 69 21 84 85 90 97 98 87 39 61 71 72 92 93 44 47 48 52 76 86 65 66 40 6 45 34 22 46 49 33 78 79 8 68 16 81 37 38 56 4 5 8
   44:  3 30 31 32 51 77 94 64 80 53 54 28 96 1 3 27 82 18 43 7 58 59 10 11 12 2 100 19 23 24 14 57 91 41 73 36 35 70 63 17 75 26 25 62
   45:   15 9 74 55 60 13 99 95 20 67 50 29 42)
   46:  (69 21 84 85 88 89 90 97 98 87 39 61 71 72 92 93 44 47 48 52 76 86 65 66 40 6 45 34 22 46 49 33 78 79 8 68 16 81 37 38 56 4 5 8
   47:  3 30 31 32 51 77 94 64 80 53 54 28 96 1 3 27 82 18 43 7 58 59 10 11 12 2 100 19 23 24 14 57 91 41 73 36 35 70 63 17 75 26 25 62
   48:   15 9 74 55 60 13 99 95 20 67 50 29 42)
   49:  (21 84 85 88 89 90 97 98 87 39 61 71 72 92 93 44 47 48 52 76 86 65 66 40 6 45 34 22 46 49 33 78 79 8 68 69 16 81 37 38 56 4 5 8
   50:  3 30 31 32 51 77 94 64 80 53 54 28 96 1 3 27 82 18 43 7 58 59 10 11 12 2 100 19 23 24 14 57 91 41 73 36 35 70 63 17 75 26 25 62
   51:   15 9 74 55 60 13 99 95 20 67 50 29 42)
   52:  (84 85 88 89 90 97 98 87 39 61 71 72 92 93 44 47 48 52 76 86 65 66 40 6 45 34 21 22 46 49 33 78 79 8 68 69 16 81 37 38 56 4 5 8
   53:  3 30 31 32 51 77 94 64 80 53 54 28 96 1 3 27 82 18 43 7 58 59 10 11 12 2 100 19 23 24 14 57 91 41 73 36 35 70 63 17 75 26 25 62
   54:   15 9 74 55 60 13 99 95 20 67 50 29 42)
   55:  (88 89 90 97 98 87 39 61 71 72 92 93 44 47 48 52 76 84 85 86 65 66 40 6 45 34 21 22 46 49 33 78 79 8 68 69 16 81 37 38 56 4 5 8
   56:  3 30 31 32 51 77 94 64 80 53 54 28 96 1 3 27 82 18 43 7 58 59 10 11 12 2 100 19 23 24 14 57 91 41 73 36 35 70 63 17 75 26 25 62
   57:   15 9 74 55 60 13 99 95 20 67 50 29 42)
   58:  (97 98 87 88 89 90 39 61 71 72 92 93 44 47 48 52 76 84 85 86 65 66 40 6 45 34 21 22 46 49 33 78 79 8 68 69 16 81 37 38 56 4 5 8
   59:  3 30 31 32 51 77 94 64 80 53 54 28 96 1 3 27 82 18 43 7 58 59 10 11 12 2 100 19 23 24 14 57 91 41 73 36 35 70 63 17 75 26 25 62
   60:   15 9 74 55 60 13 99 95 20 67 50 29 42)
   61:  (87 88 89 90 39 61 71 72 92 93 44 47 48 52 76 84 85 86 65 66 40 6 45 34 21 22 46 49 33 78 79 8 68 69 16 81 37 38 56 4 5 83 30 3
   62:  1 32 51 77 94 64 80 53 54 28 96 97 98 1 3 27 82 18 43 7 58 59 10 11 12 2 100 19 23 24 14 57 91 41 73 36 35 70 63 17 75 26 25 62
   63:   15 9 74 55 60 13 99 95 20 67 50 29 42)
   64:  (39 61 71 72 92 93 44 47 48 52 76 84 85 86 87 88 89 90 65 66 40 6 45 34 21 22 46 49 33 78 79 8 68 69 16 81 37 38 56 4 5 83 30 3
   65:  1 32 51 77 94 64 80 53 54 28 96 97 98 1 3 27 82 18 43 7 58 59 10 11 12 2 100 19 23 24 14 57 91 41 73 36 35 70 63 17 75 26 25 62
   66:   15 9 74 55 60 13 99 95 20 67 50 29 42)
   67:  (61 71 72 92 93 44 47 48 52 76 84 85 86 87 88 89 90 65 66 39 40 6 45 34 21 22 46 49 33 78 79 8 68 69 16 81 37 38 56 4 5 83 30 3
   68:  1 32 51 77 94 64 80 53 54 28 96 97 98 1 3 27 82 18 43 7 58 59 10 11 12 2 100 19 23 24 14 57 91 41 73 36 35 70 63 17 75 26 25 62
   69:   15 9 74 55 60 13 99 95 20 67 50 29 42)
   70:  (71 72 92 93 44 47 48 52 76 84 85 86 87 88 89 90 65 66 39 40 6 45 34 21 22 46 49 33 78 79 8 68 69 16 81 37 38 56 4 5 83 30 31 3
   71:  2 51 77 94 64 80 53 54 28 96 97 98 1 3 27 82 18 43 7 58 59 10 11 12 2 100 19 23 24 14 57 91 41 73 36 35 70 63 17 75 26 25 61 62
   72:   15 9 74 55 60 13 99 95 20 67 50 29 42)
   73:  (92 93 44 47 48 52 76 84 85 86 87 88 89 90 65 66 39 40 6 45 34 21 22 46 49 33 78 79 8 68 69 16 81 37 38 56 4 5 83 30 31 32 51 7
   74:  7 94 64 80 53 54 28 96 97 98 1 3 27 82 18 43 7 58 59 10 11 12 2 100 19 23 24 14 57 91 41 71 72 73 36 35 70 63 17 75 26 25 61 62
   75:   15 9 74 55 60 13 99 95 20 67 50 29 42)
   76:  (44 47 48 52 76 84 85 86 87 88 89 90 65 66 39 40 6 45 34 21 22 46 49 33 78 79 8 68 69 16 81 37 38 56 4 5 83 30 31 32 51 77 92 9
   77:  3 94 64 80 53 54 28 96 97 98 1 3 27 82 18 43 7 58 59 10 11 12 2 100 19 23 24 14 57 91 41 71 72 73 36 35 70 63 17 75 26 25 61 62
   78:   15 9 74 55 60 13 99 95 20 67 50 29 42)
   79:  (47 48 52 76 84 85 86 87 88 89 90 65 66 39 40 6 44 45 34 21 22 46 49 33 78 79 8 68 69 16 81 37 38 56 4 5 83 30 31 32 51 77 92 9
   80:  3 94 64 80 53 54 28 96 97 98 1 3 27 82 18 43 7 58 59 10 11 12 2 100 19 23 24 14 57 91 41 71 72 73 36 35 70 63 17 75 26 25 61 62
   81:   15 9 74 55 60 13 99 95 20 67 50 29 42)
   82:  (52 76 84 85 86 87 88 89 90 65 66 39 40 6 44 45 34 21 22 46 47 48 49 33 78 79 8 68 69 16 81 37 38 56 4 5 83 30 31 32 51 77 92 9
   83:  3 94 64 80 53 54 28 96 97 98 1 3 27 82 18 43 7 58 59 10 11 12 2 100 19 23 24 14 57 91 41 71 72 73 36 35 70 63 17 75 26 25 61 62
   84:   15 9 74 55 60 13 99 95 20 67 50 29 42)
   85:  (84 85 86 87 88 89 90 65 66 39 40 6 44 45 34 21 22 46 47 48 49 33 78 79 8 68 69 16 81 37 38 56 4 5 83 30 31 32 51 52 76 77 92 9
   86:  3 94 64 80 53 54 28 96 97 98 1 3 27 82 18 43 7 58 59 10 11 12 2 100 19 23 24 14 57 91 41 71 72 73 36 35 70 63 17 75 26 25 61 62
   87:   15 9 74 55 60 13 99 95 20 67 50 29 42)
   88:  (65 66 39 40 6 44 45 34 21 22 46 47 48 49 33 78 79 8 68 69 16 81 37 38 56 4 5 83 84 85 86 87 88 89 90 30 31 32 51 52 76 77 92 9
   89:  3 94 64 80 53 54 28 96 97 98 1 3 27 82 18 43 7 58 59 10 11 12 2 100 19 23 24 14 57 91 41 71 72 73 36 35 70 63 17 75 26 25 61 62
   90:   15 9 74 55 60 13 99 95 20 67 50 29 42)
   91:  (8 68 69 16 81 37 38 56 4 5 83 84 85 86 87 88 89 90 30 31 32 51 52 76 77 92 93 94 64 65 66 39 40 6 44 45 34 21 22 46 47 48 49 3
   92:  3 78 79 80 53 54 28 96 97 98 1 3 27 82 18 43 7 58 59 10 11 12 2 100 19 23 24 14 57 91 41 71 72 73 36 35 70 63 17 75 26 25 61 62
   93:   15 9 74 55 60 13 99 95 20 67 50 29 42)
   94:  (68 69 16 81 37 38 56 4 5 83 84 85 86 87 88 89 90 30 31 32 51 52 76 77 92 93 94 64 65 66 39 40 6 44 45 34 21 22 46 47 48 49 33 
   95:  78 79 80 53 54 28 96 97 98 1 3 27 82 18 43 7 8 58 59 10 11 12 2 100 19 23 24 14 57 91 41 71 72 73 36 35 70 63 17 75 26 25 61 62
   96:   15 9 74 55 60 13 99 95 20 67 50 29 42)
   97:  (16 81 37 38 56 4 5 83 84 85 86 87 88 89 90 30 31 32 51 52 76 77 92 93 94 64 65 66 39 40 6 44 45 34 21 22 46 47 48 49 33 78 79 
   98:  80 53 54 28 96 97 98 1 3 27 82 18 43 7 8 58 59 10 11 12 2 100 19 23 24 14 57 91 41 71 72 73 36 35 68 69 70 63 17 75 26 25 61 62
   99:   15 9 74 55 60 13 99 95 20 67 50 29 42)
  100:  (81 37 38 56 4 5 83 84 85 86 87 88 89 90 30 31 32 51 52 76 77 92 93 94 64 65 66 39 40 6 44 45 34 21 22 46 47 48 49 33 78 79 80 
***** ARQ07.OUT
*****

Comparing files arq08.res and ARQ08.OUT
Resync Failed.  Files are too different.
***** arq08.res
    1:  (58 65 67 79 8 68 16 81 37 56 5 83 31 47 84 9 69 21 85 74 50 87 39 61 71 30 54 28 20 1 3 27 82 18 43 7 59 12 2 42 19 23 38 15 1
    2:  1 10 4 13 44 48 52 76 86 66 40 6 45 34 22 46 49 33 78 72 60 32 51 77 29 64 80 53 24 14 57 55 41 73 36 35 70 63 17 75 26 25 62)
    3:  (65 67 79 8 68 16 81 37 56 5 83 31 47 84 9 69 21 85 74 50 87 39 61 71 30 54 28 20 1 3 27 82 18 43 7 58 59 12 2 42 19 23 38 15 1
    4:  1 10 4 13 44 48 52 76 86 66 40 6 45 34 22 46 49 33 78 72 60 32 51 77 29 64 80 53 24 14 57 55 41 73 36 35 70 63 17 75 26 25 62)
    5:  (67 79 8 68 16 81 37 56 5 83 31 47 84 9 69 21 85 74 50 87 39 61 71 30 54 28 20 1 3 27 82 18 43 7 58 59 12 2 42 19 23 38 15 11 1
    6:  0 4 13 44 48 52 76 86 65 66 40 6 45 34 22 46 49 33 78 72 60 32 51 77 29 64 80 53 24 14 57 55 41 73 36 35 70 63 17 75 26 25 62)
    7:  (79 8 67 68 16 81 37 56 5 83 31 47 84 9 69 21 85 74 50 87 39 61 71 30 54 28 20 1 3 27 82 18 43 7 58 59 12 2 42 19 23 38 15 11 1
    8:  0 4 13 44 48 52 76 86 65 66 40 6 45 34 22 46 49 33 78 72 60 32 51 77 29 64 80 53 24 14 57 55 41 73 36 35 70 63 17 75 26 25 62)
    9:  (30 54 28 20 1 3 27 82 18 43 7 58 59 12 2 42 19 23 38 15 11 10 4 13 44 48 52 76 86 65 66 40 6 45 34 22 46 49 33 78 79 8 67 68 1
   10:  6 81 37 56 5 83 31 47 84 9 69 21 85 74 50 87 39 61 71 72 60 32 51 77 29 64 80 53 24 14 57 55 41 73 36 35 70 63 17 75 26 25 62)
   11:  (54 28 20 1 3 27 82 18 43 7 58 59 12 2 42 19 23 38 15 11 10 4 13 44 48 52 76 86 65 66 40 6 45 34 22 46 49 33 78 79 8 67 68 16 8
   12:  1 37 56 5 83 30 31 47 84 9 69 21 85 74 50 87 39 61 71 72 60 32 51 77 29 64 80 53 24 14 57 55 41 73 36 35 70 63 17 75 26 25 62)
   13:  (38 15 11 10 4 13 44 48 52 76 86 65 66 40 6 45 34 22 46 49 33 78 79 8 67 68 16 81 37 56 5 83 30 31 47 84 9 69 21 85 74 50 87 39
   14:   61 71 72 60 32 51 77 29 64 80 53 54 28 20 1 3 27 82 18 43 7 58 59 12 2 42 19 23 24 14 57 55 41 73 36 35 70 63 17 75 26 25 62)
   15:  (15 11 10 4 13 44 48 52 76 86 65 66 40 6 45 34 22 46 49 33 78 79 8 67 68 16 81 37 38 56 5 83 30 31 47 84 9 69 21 85 74 50 87 39
   16:   61 71 72 60 32 51 77 29 64 80 53 54 28 20 1 3 27 82 18 43 7 58 59 12 2 42 19 23 24 14 57 55 41 73 36 35 70 63 17 75 26 25 62)
   17:  (11 10 4 13 44 48 52 76 86 65 66 40 6 45 34 22 46 49 33 78 79 8 67 68 15 16 81 37 38 56 5 83 30 31 47 84 9 69 21 85 74 50 87 39
   18:   61 71 72 60 32 51 77 29 64 80 53 54 28 20 1 3 27 82 18 43 7 58 59 12 2 42 19 23 24 14 57 55 41 73 36 35 70 63 17 75 26 25 62)
   19:  (10 11 4 13 44 48 52 76 86 65 66 40 6 45 34 22 46 49 33 78 79 8 67 68 15 16 81 37 38 56 5 83 30 31 47 84 9 69 21 85 74 50 87 39
   20:   61 71 72 60 32 51 77 29 64 80 53 54 28 20 1 3 27 82 18 43 7 58 59 12 2 42 19 23 24 14 57 55 41 73 36 35 70 63 17 75 26 25 62)
   21:  (15 16 81 37 38 56 5 83 30 31 47 84 9 10 11 4 13 44 48 52 76 86 65 66 40 6 45 34 22 46 49 33 78 79 8 67 68 69 21 85 74 50 87 39
   22:   61 71 72 60 32 51 77 29 64 80 53 54 28 20 1 3 27 82 18 43 7 58 59 12 2 42 19 23 24 14 57 55 41 73 36 35 70 63 17 75 26 25 62)
   23:  (5 83 30 31 47 84 9 10 11 4 13 44 48 52 76 86 65 66 40 6 45 34 22 46 49 33 78 79 8 67 68 69 21 85 74 50 87 39 61 71 72 60 32 51
   24:   77 29 64 80 53 54 28 20 1 3 27 82 18 43 7 58 59 12 2 42 19 23 24 14 15 16 81 37 38 56 57 55 41 73 36 35 70 63 17 75 26 25 62)
   25:  (83 30 31 47 84 9 10 11 4 5 13 44 48 52 76 86 65 66 40 6 45 34 22 46 49 33 78 79 8 67 68 69 21 85 74 50 87 39 61 71 72 60 32 51
   26:   77 29 64 80 53 54 28 20 1 3 27 82 18 43 7 58 59 12 2 42 19 23 24 14 15 16 81 37 38 56 57 55 41 73 36 35 70 63 17 75 26 25 62)
   27:  (30 31 47 83 84 9 10 11 4 5 13 44 48 52 76 86 65 66 40 6 45 34 22 46 49 33 78 79 8 67 68 69 21 85 74 50 87 39 61 71 72 60 32 51
   28:   77 29 64 80 53 54 28 20 1 3 27 82 18 43 7 58 59 12 2 42 19 23 24 14 15 16 81 37 38 56 57 55 41 73 36 35 70 63 17 75 26 25 62)
   29:  (47 83 84 9 10 11 4 5 13 44 48 52 76 86 65 66 40 6 45 34 22 46 49 33 78 79 8 67 68 69 21 85 74 50 87 39 61 71 72 60 30 31 32 51
   30:   77 29 64 80 53 54 28 20 1 3 27 82 18 43 7 58 59 12 2 42 19 23 24 14 15 16 81 37 38 56 57 55 41 73 36 35 70 63 17 75 26 25 62)
   31:  (83 84 9 10 11 4 5 13 44 47 48 52 76 86 65 66 40 6 45 34 22 46 49 33 78 79 8 67 68 69 21 85 74 50 87 39 61 71 72 60 30 31 32 51
   32:   77 29 64 80 53 54 28 20 1 3 27 82 18 43 7 58 59 12 2 42 19 23 24 14 15 16 81 37 38 56 57 55 41 73 36 35 70 63 17 75 26 25 62)
   33:  (9 10 11 4 5 13 44 47 48 52 76 86 65 66 40 6 45 34 22 46 49 33 78 79 8 67 68 69 21 83 84 85 74 50 87 39 61 71 72 60 30 31 32 51
   34:   77 29 64 80 53 54 28 20 1 3 27 82 18 43 7 58 59 12 2 42 19 23 24 14 15 16 81 37 38 56 57 55 41 73 36 35 70 63 17 75 26 25 62)
   35:  (40 6 45 34 22 46 49 33 78 79 8 9 10 11 4 5 13 44 47 48 52 76 86 65 66 67 68 69 21 83 84 85 74 50 87 39 61 71 72 60 30 31 32 51
   36:   77 29 64 80 53 54 28 20 1 3 27 82 18 43 7 58 59 12 2 42 19 23 24 14 15 16 81 37 38 56 57 55 41 73 36 35 70 63 17 75 26 25 62)
   37:  (6 45 34 22 46 49 33 78 79 8 9 10 11 4 5 13 44 47 48 52 76 86 65 66 67 68 69 21 83 84 85 74 50 87 39 40 61 71 72 60 30 31 32 51
   38:   77 29 64 80 53 54 28 20 1 3 27 82 18 43 7 58 59 12 2 42 19 23 24 14 15 16 81 37 38 56 57 55 41 73 36 35 70 63 17 75 26 25 62)
   39:  (45 34 22 46 49 33 78 79 8 9 10 11 4 5 6 13 44 47 48 52 76 86 65 66 67 68 69 21 83 84 85 74 50 87 39 40 61 71 72 60 30 31 32 51
   40:   77 29 64 80 53 54 28 20 1 3 27 82 18 43 7 58 59 12 2 42 19 23 24 14 15 16 81 37 38 56 57 55 41 73 36 35 70 63 17 75 26 25 62)
   41:  (34 22 45 46 49 33 78 79 8 9 10 11 4 5 6 13 44 47 48 52 76 86 65 66 67 68 69 21 83 84 85 74 50 87 39 40 61 71 72 60 30 31 32 51
   42:   77 29 64 80 53 54 28 20 1 3 27 82 18 43 7 58 59 12 2 42 19 23 24 14 15 16 81 37 38 56 57 55 41 73 36 35 70 63 17 75 26 25 62)
   43:  (22 45 46 49 33 34 78 79 8 9 10 11 4 5 6 13 44 47 48 52 76 86 65 66 67 68 69 21 83 84 85 74 50 87 39 40 61 71 72 60 30 31 32 51
   44:   77 29 64 80 53 54 28 20 1 3 27 82 18 43 7 58 59 12 2 42 19 23 24 14 15 16 81 37 38 56 57 55 41 73 36 35 70 63 17 75 26 25 62)
   45:  (45 46 49 33 34 78 79 8 9 10 11 4 5 6 13 44 47 48 52 76 86 65 66 67 68 69 21 22 83 84 85 74 50 87 39 40 61 71 72 60 30 31 32 51
   46:   77 29 64 80 53 54 28 20 1 3 27 82 18 43 7 58 59 12 2 42 19 23 24 14 15 16 81 37 38 56 57 55 41 73 36 35 70 63 17 75 26 25 62)
   47:  (49 33 34 78 79 8 9 10 11 4 5 6 13 44 45 46 47 48 52 76 86 65 66 67 68 69 21 22 83 84 85 74 50 87 39 40 61 71 72 60 30 31 32 51
   48:   77 29 64 80 53 54 28 20 1 3 27 82 18 43 7 58 59 12 2 42 19 23 24 14 15 16 81 37 38 56 57 55 41 73 36 35 70 63 17 75 26 25 62)
   49:  (33 34 78 79 8 9 10 11 4 5 6 13 44 45 46 47 48 49 52 76 86 65 66 67 68 69 21 22 83 84 85 74 50 87 39 40 61 71 72 60 30 31 32 51
   50:   77 29 64 80 53 54 28 20 1 3 27 82 18 43 7 58 59 12 2 42 19 23 24 14 15 16 81 37 38 56 57 55 41 73 36 35 70 63 17 75 26 25 62)
   51:  (87 39 40 61 71 72 60 30 31 32 33 34 78 79 8 9 10 11 4 5 6 13 44 45 46 47 48 49 52 76 86 65 66 67 68 69 21 22 83 84 85 74 50 51
   52:   77 29 64 80 53 54 28 20 1 3 27 82 18 43 7 58 59 12 2 42 19 23 24 14 15 16 81 37 38 56 57 55 41 73 36 35 70 63 17 75 26 25 62)
   53:  (39 40 61 71 72 60 30 31 32 33 34 78 79 8 9 10 11 4 5 6 13 44 45 46 47 48 49 52 76 86 87 65 66 67 68 69 21 22 83 84 85 74 50 51
   54:   77 29 64 80 53 54 28 20 1 3 27 82 18 43 7 58 59 12 2 42 19 23 24 14 15 16 81 37 38 56 57 55 41 73 36 35 70 63 17 75 26 25 62)
   55:  (61 71 72 60 30 31 32 33 34 78 79 8 9 10 11 4 5 6 13 44 45 46 47 48 49 52 76 86 87 65 66 67 68 69 21 22 83 84 85 74 50 51 77 29
   56:   64 80 53 54 28 20 1 3 27 82 18 43 7 58 59 12 2 42 19 23 24 14 15 16 81 37 38 39 40 56 57 55 41 73 36 35 70 63 17 75 26 25 62)
   57:  (71 72 60 61 30 31 32 33 34 78 79 8 9 10 11 4 5 6 13 44 45 46 47 48 49 52 76 86 87 65 66 67 68 69 21 22 83 84 85 74 50 51 77 29
   58:   64 80 53 54 28 20 1 3 27 82 18 43 7 58 59 12 2 42 19 23 24 14 15 16 81 37 38 39 40 56 57 55 41 73 36 35 70 63 17 75 26 25 62)
   59:  (60 61 30 31 32 33 34 78 79 8 9 10 11 4 5 6 13 44 45 46 47 48 49 52 76 86 87 65 66 67 68 69 21 22 83 84 85 74 50 51 77 29 64 80
   60:   53 54 28 20 1 3 27 82 18 43 7 58 59 12 2 42 19 23 24 14 15 16 81 37 38 39 40 56 57 55 41 71 72 73 36 35 70 63 17 75 26 25 62)
   61:  (4 5 6 13 44 45 46 47 48 49 52 76 86 87 65 66 67 68 69 21 22 83 84 85 74 50 51 77 29 64 80 53 54 28 20 1 3 27 82 18 43 7 58 59 
   62:  60 61 30 31 32 33 34 78 79 8 9 10 11 12 2 42 19 23 24 14 15 16 81 37 38 39 40 56 57 55 41 71 72 73 36 35 70 63 17 75 26 25 62)
   63:  (13 44 45 46 47 48 49 52 76 86 87 65 66 67 68 69 21 22 83 84 85 74 50 51 77 29 64 80 53 54 28 20 1 3 4 5 6 27 82 18 43 7 58 59 
   64:  60 61 30 31 32 33 34 78 79 8 9 10 11 12 2 42 19 23 24 14 15 16 81 37 38 39 40 56 57 55 41 71 72 73 36 35 70 63 17 75 26 25 62)
   65:  (3 4 5 6 27 82 18 43 7 58 59 60 61 30 31 32 33 34 78 79 8 9 10 11 12 13 44 45 46 47 48 49 52 76 86 87 65 66 67 68 69 21 22 83 8
   66:  4 85 74 50 51 77 29 64 80 53 54 28 20 1 2 42 19 23 24 14 15 16 81 37 38 39 40 56 57 55 41 71 72 73 36 35 70 63 17 75 26 25 62)
   67:  (27 82 18 43 3 4 5 6 7 58 59 60 61 30 31 32 33 34 78 79 8 9 10 11 12 13 44 45 46 47 48 49 52 76 86 87 65 66 67 68 69 21 22 83 8
   68:  4 85 74 50 51 77 29 64 80 53 54 28 20 1 2 42 19 23 24 14 15 16 81 37 38 39 40 56 57 55 41 71 72 73 36 35 70 63 17 75 26 25 62)
   69:  (82 18 43 3 4 5 6 7 58 59 60 61 30 31 32 33 34 78 79 8 9 10 11 12 13 44 45 46 47 48 49 52 76 86 87 65 66 67 68 69 21 22 83 84 8
   70:  5 74 50 51 77 29 64 80 53 54 27 28 20 1 2 42 19 23 24 14 15 16 81 37 38 39 40 56 57 55 41 71 72 73 36 35 70 63 17 75 26 25 62)
   71:  (18 43 3 4 5 6 7 58 59 60 61 30 31 32 33 34 78 79 8 9 10 11 12 13 44 45 46 47 48 49 52 76 86 87 65 66 67 68 69 21 22 82 83 84 8
   72:  5 74 50 51 77 29 64 80 53 54 27 28 20 1 2 42 19 23 24 14 15 16 81 37 38 39 40 56 57 55 41 71 72 73 36 35 70 63 17 75 26 25 62)
   73:  (43 3 4 5 6 7 58 59 60 61 30 31 32 33 34 78 79 8 9 10 11 12 13 44 45 46 47 48 49 52 76 86 87 65 66 67 68 69 21 22 82 83 84 85 7
   74:  4 50 51 77 29 64 80 53 54 27 28 20 1 2 42 18 19 23 24 14 15 16 81 37 38 39 40 56 57 55 41 71 72 73 36 35 70 63 17 75 26 25 62)
   75:  (3 4 5 6 7 58 59 60 61 30 31 32 33 34 78 79 8 9 10 11 12 13 43 44 45 46 47 48 49 52 76 86 87 65 66 67 68 69 21 22 82 83 84 85 7
   76:  4 50 51 77 29 64 80 53 54 27 28 20 1 2 42 18 19 23 24 14 15 16 81 37 38 39 40 56 57 55 41 71 72 73 36 35 70 63 17 75 26 25 62)
   77:  (58 59 60 61 30 31 32 33 34 78 79 3 4 5 6 7 8 9 10 11 12 13 43 44 45 46 47 48 49 52 76 86 87 65 66 67 68 69 21 22 82 83 84 85 7
   78:  4 50 51 77 29 64 80 53 54 27 28 20 1 2 42 18 19 23 24 14 15 16 81 37 38 39 40 56 57 55 41 71 72 73 36 35 70 63 17 75 26 25 62)
   79:  (27 28 20 1 2 42 18 19 23 24 14 15 16 81 37 38 39 40 56 57 58 59 60 61 30 31 32 33 34 78 79 3 4 5 6 7 8 9 10 11 12 13 43 44 45 
   80:  46 47 48 49 52 76 86 87 65 66 67 68 69 21 22 82 83 84 85 74 50 51 77 29 64 80 53 54 55 41 71 72 73 36 35 70 63 17 75 26 25 62)
   81:  (20 1 2 42 18 19 23 24 14 15 16 81 37 38 39 40 56 57 58 59 60 61 30 31 32 33 34 78 79 3 4 5 6 7 8 9 10 11 12 13 43 44 45 46 47 
   82:  48 49 52 76 86 87 65 66 67 68 69 21 22 82 83 84 85 74 50 51 77 27 28 29 64 80 53 54 55 41 71 72 73 36 35 70 63 17 75 26 25 62)
   83:  (1 2 42 18 19 20 23 24 14 15 16 81 37 38 39 40 56 57 58 59 60 61 30 31 32 33 34 78 79 3 4 5 6 7 8 9 10 11 12 13 43 44 45 46 47 
   84:  48 49 52 76 86 87 65 66 67 68 69 21 22 82 83 84 85 74 50 51 77 27 28 29 64 80 53 54 55 41 71 72 73 36 35 70 63 17 75 26 25 62)
   85:  (42 18 19 20 23 24 14 15 16 81 37 38 39 40 56 57 58 59 60 61 30 31 32 33 34 78 79 1 2 3 4 5 6 7 8 9 10 11 12 13 43 44 45 46 47 
   86:  48 49 52 76 86 87 65 66 67 68 69 21 22 82 83 84 85 74 50 51 77 27 28 29 64 80 53 54 55 41 71 72 73 36 35 70 63 17 75 26 25 62)
   87:  (18 19 20 23 24 14 15 16 81 37 38 39 40 56 57 58 59 60 61 30 31 32 33 34 78 79 1 2 3 4 5 6 7 8 9 10 11 12 13 42 43 44 45 46 47 
   88:  48 49 52 76 86 87 65 66 67 68 69 21 22 82 83 84 85 74 50 51 77 27 28 29 64 80 53 54 55 41 71 72 73 36 35 70 63 17 75 26 25 62)
   89:  (23 24 14 15 16 81 37 38 39 40 56 57 58 59 60 61 30 31 32 33 34 78 79 1 2 3 4 5 6 7 8 9 10 11 12 13 42 43 44 45 46 47 48 49 52 
   90:  76 86 87 65 66 67 68 69 18 19 20 21 22 82 83 84 85 74 50 51 77 27 28 29 64 80 53 54 55 41 71 72 73 36 35 70 63 17 75 26 25 62)
   91:  (37 38 39 40 56 57 58 59 60 61 30 31 32 33 34 78 79 1 2 3 4 5 6 7 8 9 10 11 12 13 42 43 44 45 46 47 48 49 52 76 86 87 65 66 67 
   92:  68 69 18 19 20 21 22 23 24 14 15 16 81 82 83 84 85 74 50 51 77 27 28 29 64 80 53 54 55 41 71 72 73 36 35 70 63 17 75 26 25 62)
   93:  (56 57 58 59 60 61 30 31 32 33 34 78 79 1 2 3 4 5 6 7 8 9 10 11 12 13 42 43 44 45 46 47 48 49 52 76 86 87 65 66 67 68 69 18 19 
   94:  20 21 22 23 24 14 15 16 81 82 83 84 85 74 50 51 77 27 28 29 64 80 53 54 55 37 38 39 40 41 71 72 73 36 35 70 63 17 75 26 25 62)
   95:  (30 31 32 33 34 78 79 1 2 3 4 5 6 7 8 9 10 11 12 13 42 43 44 45 46 47 48 49 52 76 86 87 65 66 67 68 69 18 19 20 21 22 23 24 14 
   96:  15 16 81 82 83 84 85 74 50 51 77 27 28 29 64 80 53 54 55 56 57 58 59 60 61 37 38 39 40 41 71 72 73 36 35 70 63 17 75 26 25 62)
   97:  (78 79 1 2 3 4 5 6 7 8 9 10 11 12 13 42 43 44 45 46 47 48 49 52 76 86 87 65 66 67 68 69 18 19 20 21 22 23 24 14 15 16 81 82 83 
   98:  84 85 74 50 51 77 27 28 29 30 31 32 33 34 64 80 53 54 55 56 57 58 59 60 61 37 38 39 40 41 71 72 73 36 35 70 63 17 75 26 25 62)
   99:  (1 2 3 4 5 6 7 8 9 10 11 12 13 42 43 44 45 46 47 48 49 52 76 86 87 65 66 67 68 69 18 19 20 21 22 23 24 14 15 16 81 82 83 84 85 
  100:  74 50 51 77 78 79 27 28 29 30 31 32 33 34 64 80 53 54 55 56 57 58 59 60 61 37 38 39 40 41 71 72 73 36 35 70 63 17 75 26 25 62)
***** ARQ08.OUT
*****

Comparing files arq09.res and ARQ09.OUT
***** arq09.res
    1:  (34 10 23 36 8 19 16 25 22 6 5 17 31 4 11 9 29 21 26 14 13 33 2 15 35 30 32 28 20 1 3 27 24 18 12 7)
    2:  (10 23 36 8 19 16 25 22 6 5 17 31 4 11 9 29 21 26 14 13 33 34 2 15 35 30 32 28 20 1 3 27 24 18 12 7)
    3:  (23 36 8 19 16 25 22 6 5 17 31 4 10 11 9 29 21 26 14 13 33 34 2 15 35 30 32 28 20 1 3 27 24 18 12 7)
    4:  (36 8 19 16 25 22 23 6 5 17 31 4 10 11 9 29 21 26 14 13 33 34 2 15 35 30 32 28 20 1 3 27 24 18 12 7)
    5:  (21 26 14 13 33 34 2 15 35 36 8 19 16 25 22 23 6 5 17 31 4 10 11 9 29 30 32 28 20 1 3 27 24 18 12 7)
    6:  (26 14 13 33 34 2 15 35 36 8 19 16 25 21 22 23 6 5 17 31 4 10 11 9 29 30 32 28 20 1 3 27 24 18 12 7)
    7:  (14 13 33 34 2 15 35 36 8 19 16 25 26 21 22 23 6 5 17 31 4 10 11 9 29 30 32 28 20 1 3 27 24 18 12 7)
    8:  (13 14 33 34 2 15 35 36 8 19 16 25 26 21 22 23 6 5 17 31 4 10 11 9 29 30 32 28 20 1 3 27 24 18 12 7)
    9:  (33 34 2 13 14 15 35 36 8 19 16 25 26 21 22 23 6 5 17 31 4 10 11 9 29 30 32 28 20 1 3 27 24 18 12 7)
   10:  (2 13 14 15 33 34 35 36 8 19 16 25 26 21 22 23 6 5 17 31 4 10 11 9 29 30 32 28 20 1 3 27 24 18 12 7)
   11:  (13 14 15 33 34 35 36 8 19 16 25 26 21 22 23 6 5 17 31 4 10 11 9 29 30 32 28 20 1 2 3 27 24 18 12 7)
   12:  (33 34 35 36 8 19 13 14 15 16 25 26 21 22 23 6 5 17 31 4 10 11 9 29 30 32 28 20 1 2 3 27 24 18 12 7)
   13:  (8 19 13 14 15 16 25 26 21 22 23 6 5 17 31 4 10 11 9 29 30 32 33 34 35 36 28 20 1 2 3 27 24 18 12 7)
   14:  (19 13 14 15 16 25 26 21 22 23 6 5 17 31 4 10 11 8 9 29 30 32 33 34 35 36 28 20 1 2 3 27 24 18 12 7)
   15:  (13 14 15 16 25 26 21 22 23 6 5 17 31 4 10 11 8 9 29 30 32 33 34 35 36 28 19 20 1 2 3 27 24 18 12 7)
   16:  (25 26 21 22 23 6 5 13 14 15 16 17 31 4 10 11 8 9 29 30 32 33 34 35 36 28 19 20 1 2 3 27 24 18 12 7)
   17:  (21 22 23 6 5 13 14 15 16 17 31 4 10 11 8 9 29 30 32 33 34 35 36 28 19 20 1 2 3 25 26 27 24 18 12 7)
   18:  (6 5 13 14 15 16 17 31 4 10 11 8 9 29 30 32 33 34 35 36 28 19 20 21 22 23 1 2 3 25 26 27 24 18 12 7)
   19:  (5 6 13 14 15 16 17 31 4 10 11 8 9 29 30 32 33 34 35 36 28 19 20 21 22 23 1 2 3 25 26 27 24 18 12 7)
   20:  (13 14 15 16 17 31 4 5 6 10 11 8 9 29 30 32 33 34 35 36 28 19 20 21 22 23 1 2 3 25 26 27 24 18 12 7)
   21:  (31 4 5 6 10 11 8 9 29 30 32 33 34 35 36 28 19 20 21 22 23 1 2 3 25 26 27 24 13 14 15 16 17 18 12 7)
   22:  (4 5 6 10 11 8 9 29 30 31 32 33 34 35 36 28 19 20 21 22 23 1 2 3 25 26 27 24 13 14 15 16 17 18 12 7)
   23:  (10 11 8 9 29 30 31 32 33 34 35 36 28 19 20 21 22 23 1 2 3 4 5 6 25 26 27 24 13 14 15 16 17 18 12 7)
   24:  (8 9 10 11 29 30 31 32 33 34 35 36 28 19 20 21 22 23 1 2 3 4 5 6 25 26 27 24 13 14 15 16 17 18 12 7)
   25:  (29 30 31 32 33 34 35 36 28 19 20 21 22 23 1 2 3 4 5 6 25 26 27 24 13 14 15 16 17 18 8 9 10 11 12 7)
   26:  (28 29 30 31 32 33 34 35 36 19 20 21 22 23 1 2 3 4 5 6 25 26 27 24 13 14 15 16 17 18 8 9 10 11 12 7)
   27:  (1 2 3 4 5 6 25 26 27 28 29 30 31 32 33 34 35 36 19 20 21 22 23 24 13 14 15 16 17 18 8 9 10 11 12 7)
   28:  (25 26 27 28 29 30 31 32 33 34 35 36 19 20 21 22 23 24 13 14 15 16 17 18 8 9 10 11 12 1 2 3 4 5 6 7)
   29:  (19 20 21 22 23 24 25 26 27 28 29 30 31 32 33 34 35 36 13 14 15 16 17 18 8 9 10 11 12 1 2 3 4 5 6 7)
   30:  (13 14 15 16 17 18 19 20 21 22 23 24 25 26 27 28 29 30 31 32 33 34 35 36 8 9 10 11 12 1 2 3 4 5 6 7)
   31:  (8 9 10 11 12 13 14 15 16 17 18 19 20 21 22 23 24 25 26 27 28 29 30 31 32 33 34 35 36 1 2 3 4 5 6 7)
   32:  (1 2 3 4 5 6 7 8 9 10 11 12 13 14 15 16 17 18 19 20 21 22 23 24 25 26 27 28 29 30 31 32 33 34 35 36)
   33:  Peso: 575
***** ARQ09.OUT
*****

Comparing files arq10.res and ARQ10.OUT
***** arq10.res
    1:  (9 8 7 6 5 4 3 2 1)
    2:  (8 9 7 6 5 4 3 2 1)
    3:  (7 8 9 6 5 4 3 2 1)
    4:  (6 7 8 9 5 4 3 2 1)
    5:  (5 6 7 8 9 4 3 2 1)
    6:  (4 5 6 7 8 9 3 2 1)
    7:  (3 4 5 6 7 8 9 2 1)
    8:  (2 3 4 5 6 7 8 9 1)
    9:  (1 2 3 4 5 6 7 8 9)
   10:  Peso: 44
***** ARQ10.OUT
*****

